Log file open, 12/08/21 19:40:48
LogWindows: Failed to load 'aqProf.dll' (GetLastError=126)
LogWindows: File 'aqProf.dll' does not exist
LogWindows: Failed to load 'VtuneApi.dll' (GetLastError=126)
LogWindows: File 'VtuneApi.dll' does not exist
LogWindows: Failed to load 'VtuneApi32e.dll' (GetLastError=126)
LogWindows: File 'VtuneApi32e.dll' does not exist
LogConsoleResponse: Display: Failed to find resolution value strings in scalability ini. Falling back to default.
LogConsoleResponse: Display: Failed to find resolution value strings in scalability ini. Falling back to default.
LogInit: Display: Running engine for game: GAD174_Project3
LogPlatformFile: Not using cached read wrapper
LogTaskGraph: Started task graph with 5 named threads and 20 total threads with 3 sets of task threads.
LogStats: Stats thread started at 0.653356
LogICUInternationalization: ICU TimeZone Detection - Raw Offset: +10:00, Platform Override: ''
LogInit: Display: Loading text-based GConfig....
LogPluginManager: Mounting plugin MeshPainting
LogPluginManager: Mounting plugin XGEController
LogPluginManager: Mounting plugin Paper2D
LogPluginManager: Mounting plugin AISupport
LogPluginManager: Mounting plugin EnvironmentQueryEditor
LogPluginManager: Mounting plugin LightPropagationVolume
LogPluginManager: Mounting plugin LiveLink
LogPluginManager: Mounting plugin RigLogic
LogPluginManager: Mounting plugin CameraShakePreviewer
LogPluginManager: Mounting plugin GameplayCameras
LogPluginManager: Mounting plugin OodleData
LogPluginManager: Mounting plugin OodleNetwork
LogPluginManager: Mounting plugin AnimationSharing
LogPluginManager: Mounting plugin CLionSourceCodeAccess
LogPluginManager: Mounting plugin CodeLiteSourceCodeAccess
LogPluginManager: Mounting plugin GitSourceControl
LogPluginManager: Mounting plugin KDevelopSourceCodeAccess
LogPluginManager: Mounting plugin NullSourceCodeAccess
LogPluginManager: Mounting plugin PerforceSourceControl
LogPluginManager: Mounting plugin PixWinPlugin
LogPluginManager: Mounting plugin PlasticSourceControl
LogPluginManager: Mounting plugin PropertyAccessNode
LogPluginManager: Mounting plugin PluginUtils
LogPluginManager: Mounting plugin RiderSourceCodeAccess
LogPluginManager: Mounting plugin SubversionSourceControl
LogPluginManager: Mounting plugin TextureFormatOodle
LogPluginManager: Mounting plugin UObjectPlugin
LogPluginManager: Mounting plugin VisualStudioCodeSourceCodeAccess
LogPluginManager: Mounting plugin VisualStudioSourceCodeAccess
LogPluginManager: Mounting plugin XCodeSourceCodeAccess
LogPluginManager: Mounting plugin AssetManagerEditor
LogPluginManager: Mounting plugin CryptoKeys
LogPluginManager: Mounting plugin CurveEditorTools
LogPluginManager: Mounting plugin DataValidation
LogPluginManager: Mounting plugin FacialAnimation
LogPluginManager: Mounting plugin GameplayTagsEditor
LogPluginManager: Mounting plugin GeometryMode
LogPluginManager: Mounting plugin MacGraphicsSwitching
LogPluginManager: Mounting plugin MaterialAnalyzer
LogPluginManager: Mounting plugin MobileLauncherProfileWizard
LogPluginManager: Mounting plugin PluginBrowser
LogPluginManager: Mounting plugin SpeedTreeImporter
LogPluginManager: Mounting plugin DatasmithContent
LogPluginManager: Mounting plugin VariantManagerContent
LogPluginManager: Mounting plugin AlembicImporter
LogPluginManager: Mounting plugin AutomationUtils
LogPluginManager: Mounting plugin BackChannel
LogPluginManager: Mounting plugin ChaosCloth
LogPluginManager: Mounting plugin ChaosClothEditor
LogPluginManager: Mounting plugin ChaosEditor
LogPluginManager: Mounting plugin ChaosNiagara
LogPluginManager: Mounting plugin ChaosSolverPlugin
LogPluginManager: Mounting plugin CharacterAI
LogPluginManager: Mounting plugin ControlRig
LogPluginManager: Mounting plugin GeometryCache
LogPluginManager: Mounting plugin GeometryCollectionPlugin
LogPluginManager: Mounting plugin GeometryProcessing
LogPluginManager: Mounting plugin LiveLinkControlRig
LogPluginManager: Mounting plugin MotoSynth
LogPluginManager: Mounting plugin OpenImageDenoise
LogPluginManager: Mounting plugin PlanarCut
LogPluginManager: Mounting plugin ProxyLODPlugin
LogPluginManager: Mounting plugin PlatformCrypto
LogPluginManager: Mounting plugin PythonScriptPlugin
LogPluginManager: Mounting plugin SkeletalReduction
LogPluginManager: Mounting plugin Niagara
LogPluginManager: Mounting plugin LuminPlatformFeatures
LogPluginManager: Mounting plugin MagicLeap
LogPluginManager: Mounting plugin MagicLeapLightEstimation
LogPluginManager: Mounting plugin MagicLeapMedia
LogPluginManager: Mounting plugin MagicLeapPassableWorld
LogPluginManager: Mounting plugin MLSDK
LogPluginManager: Mounting plugin AndroidMedia
LogPluginManager: Mounting plugin AvfMedia
LogPluginManager: Mounting plugin ImgMedia
LogPluginManager: Mounting plugin MediaCompositing
LogPluginManager: Mounting plugin MediaPlayerEditor
LogPluginManager: Mounting plugin WmfMedia
LogPluginManager: Mounting plugin WebMMedia
LogPluginManager: Mounting plugin TcpMessaging
LogPluginManager: Mounting plugin UdpMessaging
LogPluginManager: Mounting plugin ActorSequence
LogPluginManager: Mounting plugin MatineeToLevelSequence
LogPluginManager: Mounting plugin LevelSequenceEditor
LogPluginManager: Mounting plugin TemplateSequence
LogPluginManager: Mounting plugin SequencerScripting
LogPluginManager: Mounting plugin OnlineSubsystem
LogPluginManager: Mounting plugin OnlineSubsystemNull
LogPluginManager: Mounting plugin OnlineSubsystemUtils
LogPluginManager: Mounting plugin LauncherChunkInstaller
LogPluginManager: Mounting plugin ActorLayerUtilities
LogPluginManager: Mounting plugin AndroidDeviceProfileSelector
LogPluginManager: Mounting plugin AndroidMoviePlayer
LogPluginManager: Mounting plugin AndroidPermission
LogPluginManager: Mounting plugin AppleImageUtils
LogPluginManager: Mounting plugin AppleMoviePlayer
LogPluginManager: Mounting plugin AssetTags
LogPluginManager: Mounting plugin ArchVisCharacter
LogPluginManager: Mounting plugin AudioCapture
LogPluginManager: Mounting plugin AudioSynesthesia
LogPluginManager: Mounting plugin CableComponent
LogPluginManager: Mounting plugin ChunkDownloader
LogPluginManager: Mounting plugin CustomMeshComponent
LogPluginManager: Mounting plugin EditableMesh
LogPluginManager: Mounting plugin ExampleDeviceProfileSelector
LogPluginManager: Mounting plugin GooglePAD
LogPluginManager: Mounting plugin HairStrands
LogPluginManager: Mounting plugin GoogleCloudMessaging
LogPluginManager: Mounting plugin LinuxDeviceProfileSelector
LogPluginManager: Mounting plugin IOSDeviceProfileSelector
LogPluginManager: Mounting plugin LocationServicesBPLibrary
LogPluginManager: Mounting plugin MobilePatchingUtils
LogPluginManager: Mounting plugin OpenXR
LogPluginManager: Mounting plugin OpenXREyeTracker
LogPluginManager: Mounting plugin OpenXRHandTracking
LogPluginManager: Mounting plugin PhysXVehicles
LogPluginManager: Mounting plugin PostSplashScreen
LogPluginManager: Mounting plugin ProceduralMeshComponent
LogPluginManager: Mounting plugin PropertyAccessEditor
LogPluginManager: Mounting plugin RuntimePhysXCooking
LogPluginManager: Mounting plugin SignificanceManager
LogPluginManager: Mounting plugin SoundFields
LogPluginManager: Mounting plugin Synthesis
LogPluginManager: Mounting plugin WebMMoviePlayer
LogPluginManager: Mounting plugin WindowsMoviePlayer
LogPluginManager: Mounting plugin ScreenshotTools
LogPluginManager: Mounting plugin Takes
LogPluginManager: Mounting plugin ContentBrowserAssetDataSource
LogPluginManager: Mounting plugin ContentBrowserClassDataSource
LogPluginManager: Mounting plugin ContentBrowserFileDataSource
LogPluginManager: Mounting plugin OnlineSubsystemGooglePlay
LogPluginManager: Mounting plugin OnlineSubsystemIOS
LogPluginManager: Mounting plugin OculusVR
LogPluginManager: Mounting plugin SteamVR
PixWinPlugin: PIX capture plugin failed to initialize! Check that the process is launched from PIX.
LogInit: Using libcurl 7.55.1-DEV
LogInit:  - built for x86_64-pc-win32
LogInit:  - supports SSL with OpenSSL/1.1.1
LogInit:  - supports HTTP deflate (compression) using libz 1.2.8
LogInit:  - other features:
LogInit:      CURL_VERSION_SSL
LogInit:      CURL_VERSION_LIBZ
LogInit:      CURL_VERSION_IPV6
LogInit:      CURL_VERSION_ASYNCHDNS
LogInit:      CURL_VERSION_LARGEFILE
LogInit:      CURL_VERSION_IDN
LogInit:  CurlRequestOptions (configurable via config and command line):
LogInit:  - bVerifyPeer = true  - Libcurl will verify peer certificate
LogInit:  - bUseHttpProxy = false  - Libcurl will NOT use HTTP proxy
LogInit:  - bDontReuseConnections = false  - Libcurl will reuse connections
LogInit:  - MaxHostConnections = 16  - Libcurl will limit the number of connections to a host
LogInit:  - LocalHostAddr = Default
LogInit:  - BufferSize = 65536
LogOnline: OSS: Creating online subsystem instance for: NULL
LogInit: WinSock: version 1.1 (2.2), MaxSocks=32767, MaxUdp=65467
LogOnline: OSS: TryLoadSubsystemAndSetDefault: Loaded subsystem for module [NULL]
LogOculusPluginWrapper: OculusPlugin initialized successfully
LogHMD: Failed initializing OVRPlugin 1.59.0
LogInit: Build: ++UE4+Release-4.27-CL-18319896
LogInit: Engine Version: 4.27.2-18319896+++UE4+Release-4.27
LogInit: Compatible Engine Version: 4.27.0-17155196+++UE4+Release-4.27
LogInit: Net CL: 17155196
LogInit: OS: Windows 10 (Release 2009) (), CPU: Intel(R) Core(TM) i5-9400F CPU @ 2.90GHz, GPU: NVIDIA GeForce RTX 3060 Ti
LogInit: Compiled (64-bit): Nov 30 2021 07:12:08
LogInit: Compiled with Visual C++: 19.24.28315.00
LogInit: Build Configuration: Development
LogInit: Branch Name: ++UE4+Release-4.27
LogInit: Command Line: 
LogInit: Base Directory: D:/Epic Games/UE_4.27/Engine/Binaries/Win64/
LogInit: Allocator: TBB
LogInit: Installed Engine Build: 1
LogDevObjectVersion: Number of dev versions registered: 29
LogDevObjectVersion:   Dev-Blueprints (B0D832E4-1F89-4F0D-ACCF-7EB736FD4AA2): 10
LogDevObjectVersion:   Dev-Build (E1C64328-A22C-4D53-A36C-8E866417BD8C): 0
LogDevObjectVersion:   Dev-Core (375EC13C-06E4-48FB-B500-84F0262A717E): 4
LogDevObjectVersion:   Dev-Editor (E4B068ED-F494-42E9-A231-DA0B2E46BB41): 40
LogDevObjectVersion:   Dev-Framework (CFFC743F-43B0-4480-9391-14DF171D2073): 37
LogDevObjectVersion:   Dev-Mobile (B02B49B5-BB20-44E9-A304-32B752E40360): 3
LogDevObjectVersion:   Dev-Networking (A4E4105C-59A1-49B5-A7C5-40C4547EDFEE): 0
LogDevObjectVersion:   Dev-Online (39C831C9-5AE6-47DC-9A44-9C173E1C8E7C): 0
LogDevObjectVersion:   Dev-Physics (78F01B33-EBEA-4F98-B9B4-84EACCB95AA2): 14
LogDevObjectVersion:   Dev-Platform (6631380F-2D4D-43E0-8009-CF276956A95A): 0
LogDevObjectVersion:   Dev-Rendering (12F88B9F-8875-4AFC-A67C-D90C383ABD29): 45
LogDevObjectVersion:   Dev-Sequencer (7B5AE74C-D270-4C10-A958-57980B212A5A): 13
LogDevObjectVersion:   Dev-VR (D7296918-1DD6-4BDD-9DE2-64A83CC13884): 3
LogDevObjectVersion:   Dev-LoadTimes (C2A15278-BFE7-4AFE-6C17-90FF531DF755): 1
LogDevObjectVersion:   Private-Geometry (6EACA3D4-40EC-4CC1-B786-8BED09428FC5): 3
LogDevObjectVersion:   Dev-AnimPhys (29E575DD-E0A3-4627-9D10-D276232CDCEA): 17
LogDevObjectVersion:   Dev-Anim (AF43A65D-7FD3-4947-9873-3E8ED9C1BB05): 15
LogDevObjectVersion:   Dev-ReflectionCapture (6B266CEC-1EC7-4B8F-A30B-E4D90942FC07): 1
LogDevObjectVersion:   Dev-Automation (0DF73D61-A23F-47EA-B727-89E90C41499A): 1
LogDevObjectVersion:   FortniteMain (601D1886-AC64-4F84-AA16-D3DE0DEAC7D6): 47
LogDevObjectVersion:   FortniteRelease (E7086368-6B23-4C58-8439-1B7016265E91): 1
LogDevObjectVersion:   Dev-Enterprise (9DFFBCD6-494F-0158-E221-12823C92A888): 10
LogDevObjectVersion:   Dev-Niagara (F2AED0AC-9AFE-416F-8664-AA7FFA26D6FC): 1
LogDevObjectVersion:   Dev-Destruction (174F1F0B-B4C6-45A5-B13F-2EE8D0FB917D): 10
LogDevObjectVersion:   Dev-Physics-Ext (35F94A83-E258-406C-A318-09F59610247C): 41
LogDevObjectVersion:   Dev-PhysicsMaterial-Chaos (B68FC16E-8B1B-42E2-B453-215C058844FE): 1
LogDevObjectVersion:   Dev-CineCamera (B2E18506-4273-CFC2-A54E-F4BB758BBA07): 1
LogDevObjectVersion:   Dev-VirtualProduction (64F58936-FD1B-42BA-BA96-7289D5D0FA4E): 1
LogDevObjectVersion:   Dev-MediaFramework (6F0ED827-A609-4895-9C91-998D90180EA4): 2
LogInit: Presizing for max 25165824 objects, including 0 objects not considered by GC, pre-allocating 0 bytes for permanent pool.
LogConfig: Applying CVar settings from Section [/Script/Engine.StreamingSettings] File [C:/Users/Devan/Desktop/Unreal Engine/GAD174_Project3/Saved/Config/Windows/Engine.ini]
LogConfig: Setting CVar [[s.MinBulkDataSizeForAsyncLoading:131072]]
LogConfig: Setting CVar [[s.AsyncLoadingThreadEnabled:0]]
LogConfig: Setting CVar [[s.EventDrivenLoaderEnabled:1]]
LogConfig: Setting CVar [[s.WarnIfTimeLimitExceeded:0]]
LogConfig: Setting CVar [[s.TimeLimitExceededMultiplier:1.5]]
LogConfig: Setting CVar [[s.TimeLimitExceededMinTime:0.005]]
LogConfig: Setting CVar [[s.UseBackgroundLevelStreaming:1]]
LogConfig: Setting CVar [[s.PriorityAsyncLoadingExtraTime:15.0]]
LogConfig: Setting CVar [[s.LevelStreamingActorsUpdateTimeLimit:5.0]]
LogConfig: Setting CVar [[s.PriorityLevelStreamingActorsUpdateExtraTime:5.0]]
LogConfig: Setting CVar [[s.LevelStreamingComponentsRegistrationGranularity:10]]
LogConfig: Setting CVar [[s.UnregisterComponentsTimeLimit:1.0]]
LogConfig: Setting CVar [[s.LevelStreamingComponentsUnregistrationGranularity:5]]
LogConfig: Setting CVar [[s.FlushStreamingOnExit:1]]
LogInit: Object subsystem initialized
LogConfig: Setting CVar [[con.DebugEarlyDefault:1]]
LogConfig: Setting CVar [[r.setres:1280x720]]
LogConfig: Setting CVar [[fx.NiagaraAllowRuntimeScalabilityChanges:1]]
[2021.12.08-08.40.49:399][  0]LogConfig: Setting CVar [[r.VSync:0]]
[2021.12.08-08.40.49:399][  0]LogConfig: Setting CVar [[r.RHICmdBypass:0]]
[2021.12.08-08.40.49:399][  0]LogConfig: Applying CVar settings from Section [/Script/Engine.RendererSettings] File [C:/Users/Devan/Desktop/Unreal Engine/GAD174_Project3/Saved/Config/Windows/Engine.ini]
[2021.12.08-08.40.49:399][  0]LogConfig: Setting CVar [[r.GPUCrashDebugging:0]]
[2021.12.08-08.40.49:399][  0]LogConfig: Setting CVar [[r.DefaultFeature.AutoExposure:0]]
[2021.12.08-08.40.49:399][  0]LogConfig: Setting CVar [[r.GPUSkin.Support16BitBoneIndex:1]]
[2021.12.08-08.40.49:399][  0]LogConfig: Setting CVar [[r.GPUSkin.UnlimitedBoneInfluences:1]]
[2021.12.08-08.40.49:399][  0]LogConfig: Setting CVar [[r.SkinCache.BlendUsingVertexColorForRecomputeTangents:2]]
[2021.12.08-08.40.49:399][  0]LogConfig: Setting CVar [[r.SkinCache.CompileShaders:1]]
[2021.12.08-08.40.49:399][  0]LogConfig: Setting CVar [[r.SkinCache.DefaultBehavior:0]]
[2021.12.08-08.40.49:399][  0]LogConfig: Applying CVar settings from Section [/Script/Engine.RendererOverrideSettings] File [C:/Users/Devan/Desktop/Unreal Engine/GAD174_Project3/Saved/Config/Windows/Engine.ini]
[2021.12.08-08.40.49:399][  0]LogConfig: Applying CVar settings from Section [/Script/Engine.StreamingSettings] File [C:/Users/Devan/Desktop/Unreal Engine/GAD174_Project3/Saved/Config/Windows/Engine.ini]
[2021.12.08-08.40.49:399][  0]LogConfig: Setting CVar [[s.MinBulkDataSizeForAsyncLoading:131072]]
[2021.12.08-08.40.49:399][  0]LogConfig: Setting CVar [[s.AsyncLoadingThreadEnabled:0]]
[2021.12.08-08.40.49:400][  0]LogConfig: Setting CVar [[s.EventDrivenLoaderEnabled:1]]
[2021.12.08-08.40.49:400][  0]LogConfig: Setting CVar [[s.WarnIfTimeLimitExceeded:0]]
[2021.12.08-08.40.49:400][  0]LogConfig: Setting CVar [[s.TimeLimitExceededMultiplier:1.5]]
[2021.12.08-08.40.49:400][  0]LogConfig: Setting CVar [[s.TimeLimitExceededMinTime:0.005]]
[2021.12.08-08.40.49:400][  0]LogConfig: Setting CVar [[s.UseBackgroundLevelStreaming:1]]
[2021.12.08-08.40.49:400][  0]LogConfig: Setting CVar [[s.PriorityAsyncLoadingExtraTime:15.0]]
[2021.12.08-08.40.49:400][  0]LogConfig: Setting CVar [[s.LevelStreamingActorsUpdateTimeLimit:5.0]]
[2021.12.08-08.40.49:400][  0]LogConfig: Setting CVar [[s.PriorityLevelStreamingActorsUpdateExtraTime:5.0]]
[2021.12.08-08.40.49:400][  0]LogConfig: Setting CVar [[s.LevelStreamingComponentsRegistrationGranularity:10]]
[2021.12.08-08.40.49:400][  0]LogConfig: Setting CVar [[s.UnregisterComponentsTimeLimit:1.0]]
[2021.12.08-08.40.49:400][  0]LogConfig: Setting CVar [[s.LevelStreamingComponentsUnregistrationGranularity:5]]
[2021.12.08-08.40.49:400][  0]LogConfig: Setting CVar [[s.FlushStreamingOnExit:1]]
[2021.12.08-08.40.49:400][  0]LogConfig: Applying CVar settings from Section [/Script/Engine.GarbageCollectionSettings] File [C:/Users/Devan/Desktop/Unreal Engine/GAD174_Project3/Saved/Config/Windows/Engine.ini]
[2021.12.08-08.40.49:400][  0]LogConfig: Setting CVar [[gc.MaxObjectsNotConsideredByGC:1]]
[2021.12.08-08.40.49:400][  0]LogConfig: Setting CVar [[gc.SizeOfPermanentObjectPool:0]]
[2021.12.08-08.40.49:400][  0]LogConfig: Setting CVar [[gc.FlushStreamingOnGC:0]]
[2021.12.08-08.40.49:400][  0]LogConfig: Setting CVar [[gc.NumRetriesBeforeForcingGC:10]]
[2021.12.08-08.40.49:400][  0]LogConfig: Setting CVar [[gc.AllowParallelGC:1]]
[2021.12.08-08.40.49:400][  0]LogConfig: Setting CVar [[gc.TimeBetweenPurgingPendingKillObjects:61.1]]
[2021.12.08-08.40.49:400][  0]LogConfig: Setting CVar [[gc.MaxObjectsInEditor:25165824]]
[2021.12.08-08.40.49:400][  0]LogConfig: Setting CVar [[gc.IncrementalBeginDestroyEnabled:1]]
[2021.12.08-08.40.49:400][  0]LogConfig: Setting CVar [[gc.CreateGCClusters:1]]
[2021.12.08-08.40.49:400][  0]LogConfig: Setting CVar [[gc.MinGCClusterSize:5]]
[2021.12.08-08.40.49:400][  0]LogConfig: Setting CVar [[gc.ActorClusteringEnabled:0]]
[2021.12.08-08.40.49:400][  0]LogConfig: Setting CVar [[gc.BlueprintClusteringEnabled:0]]
[2021.12.08-08.40.49:400][  0]LogConfig: Setting CVar [[gc.UseDisregardForGCOnDedicatedServers:0]]
[2021.12.08-08.40.49:400][  0]LogConfig: Setting CVar [[gc.MultithreadedDestructionEnabled:1]]
[2021.12.08-08.40.49:400][  0]LogConfig: Applying CVar settings from Section [/Script/Engine.NetworkSettings] File [C:/Users/Devan/Desktop/Unreal Engine/GAD174_Project3/Saved/Config/Windows/Engine.ini]
[2021.12.08-08.40.49:400][  0]LogConfig: Applying CVar settings from Section [/Script/UnrealEd.CookerSettings] File [C:/Users/Devan/Desktop/Unreal Engine/GAD174_Project3/Saved/Config/Windows/Engine.ini]
[2021.12.08-08.40.49:410][  0]LogConfig: Applying CVar settings from Section [ViewDistanceQuality@3] File [C:/Users/Devan/Desktop/Unreal Engine/GAD174_Project3/Saved/Config/Windows/Scalability.ini]
[2021.12.08-08.40.49:410][  0]LogConfig: Setting CVar [[r.SkeletalMeshLODBias:0]]
[2021.12.08-08.40.49:410][  0]LogConfig: Setting CVar [[r.ViewDistanceScale:1.0]]
[2021.12.08-08.40.49:410][  0]LogConfig: Applying CVar settings from Section [AntiAliasingQuality@3] File [C:/Users/Devan/Desktop/Unreal Engine/GAD174_Project3/Saved/Config/Windows/Scalability.ini]
[2021.12.08-08.40.49:410][  0]LogConfig: Setting CVar [[r.PostProcessAAQuality:4]]
[2021.12.08-08.40.49:410][  0]LogConfig: Applying CVar settings from Section [ShadowQuality@3] File [C:/Users/Devan/Desktop/Unreal Engine/GAD174_Project3/Saved/Config/Windows/Scalability.ini]
[2021.12.08-08.40.49:410][  0]LogConfig: Setting CVar [[r.LightFunctionQuality:1]]
[2021.12.08-08.40.49:410][  0]LogConfig: Setting CVar [[r.ShadowQuality:5]]
[2021.12.08-08.40.49:410][  0]LogConfig: Setting CVar [[r.Shadow.CSM.MaxCascades:10]]
[2021.12.08-08.40.49:410][  0]LogConfig: Setting CVar [[r.Shadow.MaxResolution:2048]]
[2021.12.08-08.40.49:410][  0]LogConfig: Setting CVar [[r.Shadow.MaxCSMResolution:2048]]
[2021.12.08-08.40.49:410][  0]LogConfig: Setting CVar [[r.Shadow.RadiusThreshold:0.01]]
[2021.12.08-08.40.49:410][  0]LogConfig: Setting CVar [[r.Shadow.DistanceScale:1.0]]
[2021.12.08-08.40.49:410][  0]LogConfig: Setting CVar [[r.Shadow.CSM.TransitionScale:1.0]]
[2021.12.08-08.40.49:410][  0]LogConfig: Setting CVar [[r.Shadow.PreShadowResolutionFactor:1.0]]
[2021.12.08-08.40.49:410][  0]LogConfig: Setting CVar [[r.DistanceFieldShadowing:1]]
[2021.12.08-08.40.49:410][  0]LogConfig: Setting CVar [[r.DistanceFieldAO:1]]
[2021.12.08-08.40.49:410][  0]LogConfig: Setting CVar [[r.AOQuality:2]]
[2021.12.08-08.40.49:410][  0]LogConfig: Setting CVar [[r.VolumetricFog:1]]
[2021.12.08-08.40.49:410][  0]LogConfig: Setting CVar [[r.VolumetricFog.GridPixelSize:8]]
[2021.12.08-08.40.49:410][  0]LogConfig: Setting CVar [[r.VolumetricFog.GridSizeZ:128]]
[2021.12.08-08.40.49:410][  0]LogConfig: Setting CVar [[r.VolumetricFog.HistoryMissSupersampleCount:4]]
[2021.12.08-08.40.49:410][  0]LogConfig: Setting CVar [[r.LightMaxDrawDistanceScale:1]]
[2021.12.08-08.40.49:410][  0]LogConfig: Setting CVar [[r.CapsuleShadows:1]]
[2021.12.08-08.40.49:410][  0]LogConfig: Applying CVar settings from Section [PostProcessQuality@3] File [C:/Users/Devan/Desktop/Unreal Engine/GAD174_Project3/Saved/Config/Windows/Scalability.ini]
[2021.12.08-08.40.49:410][  0]LogConfig: Setting CVar [[r.MotionBlurQuality:4]]
[2021.12.08-08.40.49:410][  0]LogConfig: Setting CVar [[r.AmbientOcclusionMipLevelFactor:0.4]]
[2021.12.08-08.40.49:410][  0]LogConfig: Setting CVar [[r.AmbientOcclusionMaxQuality:100]]
[2021.12.08-08.40.49:410][  0]LogConfig: Setting CVar [[r.AmbientOcclusionLevels:-1]]
[2021.12.08-08.40.49:410][  0]LogConfig: Setting CVar [[r.AmbientOcclusionRadiusScale:1.0]]
[2021.12.08-08.40.49:410][  0]LogConfig: Setting CVar [[r.DepthOfFieldQuality:2]]
[2021.12.08-08.40.49:410][  0]LogConfig: Setting CVar [[r.RenderTargetPoolMin:400]]
[2021.12.08-08.40.49:410][  0]LogConfig: Setting CVar [[r.LensFlareQuality:2]]
[2021.12.08-08.40.49:410][  0]LogConfig: Setting CVar [[r.SceneColorFringeQuality:1]]
[2021.12.08-08.40.49:410][  0]LogConfig: Setting CVar [[r.EyeAdaptationQuality:2]]
[2021.12.08-08.40.49:410][  0]LogConfig: Setting CVar [[r.BloomQuality:5]]
[2021.12.08-08.40.49:410][  0]LogConfig: Setting CVar [[r.FastBlurThreshold:100]]
[2021.12.08-08.40.49:411][  0]LogConfig: Setting CVar [[r.Upscale.Quality:3]]
[2021.12.08-08.40.49:411][  0]LogConfig: Setting CVar [[r.Tonemapper.GrainQuantization:1]]
[2021.12.08-08.40.49:411][  0]LogConfig: Setting CVar [[r.LightShaftQuality:1]]
[2021.12.08-08.40.49:411][  0]LogConfig: Setting CVar [[r.Filter.SizeScale:1]]
[2021.12.08-08.40.49:411][  0]LogConfig: Setting CVar [[r.Tonemapper.Quality:5]]
[2021.12.08-08.40.49:411][  0]LogConfig: Setting CVar [[r.DOF.Gather.AccumulatorQuality:1        ; higher gathering accumulator quality]]
[2021.12.08-08.40.49:411][  0]LogConfig: Setting CVar [[r.DOF.Gather.PostfilterMethod:1          ; Median3x3 postfilering method]]
[2021.12.08-08.40.49:411][  0]LogConfig: Setting CVar [[r.DOF.Gather.EnableBokehSettings:0       ; no bokeh simulation when gathering]]
[2021.12.08-08.40.49:411][  0]LogConfig: Setting CVar [[r.DOF.Gather.RingCount:4                 ; medium number of samples when gathering]]
[2021.12.08-08.40.49:411][  0]LogConfig: Setting CVar [[r.DOF.Scatter.ForegroundCompositing:1    ; additive foreground scattering]]
[2021.12.08-08.40.49:411][  0]LogConfig: Setting CVar [[r.DOF.Scatter.BackgroundCompositing:2    ; additive background scattering]]
[2021.12.08-08.40.49:411][  0]LogConfig: Setting CVar [[r.DOF.Scatter.EnableBokehSettings:1      ; bokeh simulation when scattering]]
[2021.12.08-08.40.49:411][  0]LogConfig: Setting CVar [[r.DOF.Scatter.MaxSpriteRatio:0.1         ; only a maximum of 10% of scattered bokeh]]
[2021.12.08-08.40.49:411][  0]LogConfig: Setting CVar [[r.DOF.Recombine.Quality:1                ; cheap slight out of focus]]
[2021.12.08-08.40.49:411][  0]LogConfig: Setting CVar [[r.DOF.Recombine.EnableBokehSettings:0    ; no bokeh simulation on slight out of focus]]
[2021.12.08-08.40.49:411][  0]LogConfig: Setting CVar [[r.DOF.TemporalAAQuality:1                ; more stable temporal accumulation]]
[2021.12.08-08.40.49:411][  0]LogConfig: Setting CVar [[r.DOF.Kernel.MaxForegroundRadius:0.025]]
[2021.12.08-08.40.49:411][  0]LogConfig: Setting CVar [[r.DOF.Kernel.MaxBackgroundRadius:0.025]]
[2021.12.08-08.40.49:411][  0]LogConfig: Applying CVar settings from Section [TextureQuality@3] File [C:/Users/Devan/Desktop/Unreal Engine/GAD174_Project3/Saved/Config/Windows/Scalability.ini]
[2021.12.08-08.40.49:411][  0]LogConfig: Setting CVar [[r.Streaming.MipBias:0]]
[2021.12.08-08.40.49:411][  0]LogConfig: Setting CVar [[r.Streaming.AmortizeCPUToGPUCopy:0]]
[2021.12.08-08.40.49:411][  0]LogConfig: Setting CVar [[r.Streaming.MaxNumTexturesToStreamPerFrame:0]]
[2021.12.08-08.40.49:411][  0]LogConfig: Setting CVar [[r.Streaming.Boost:1]]
[2021.12.08-08.40.49:411][  0]LogConfig: Setting CVar [[r.MaxAnisotropy:8]]
[2021.12.08-08.40.49:411][  0]LogConfig: Setting CVar [[r.VT.MaxAnisotropy:8]]
[2021.12.08-08.40.49:411][  0]LogConfig: Setting CVar [[r.Streaming.LimitPoolSizeToVRAM:0]]
[2021.12.08-08.40.49:411][  0]LogConfig: Setting CVar [[r.Streaming.PoolSize:1000]]
[2021.12.08-08.40.49:411][  0]LogConfig: Setting CVar [[r.Streaming.MaxEffectiveScreenSize:0]]
[2021.12.08-08.40.49:411][  0]LogConfig: Applying CVar settings from Section [EffectsQuality@3] File [C:/Users/Devan/Desktop/Unreal Engine/GAD174_Project3/Saved/Config/Windows/Scalability.ini]
[2021.12.08-08.40.49:411][  0]LogConfig: Setting CVar [[r.TranslucencyLightingVolumeDim:64]]
[2021.12.08-08.40.49:411][  0]LogConfig: Setting CVar [[r.RefractionQuality:2]]
[2021.12.08-08.40.49:411][  0]LogConfig: Setting CVar [[r.SSR.Quality:3]]
[2021.12.08-08.40.49:411][  0]LogConfig: Setting CVar [[r.SSR.HalfResSceneColor:0]]
[2021.12.08-08.40.49:411][  0]LogConfig: Setting CVar [[r.SceneColorFormat:4]]
[2021.12.08-08.40.49:411][  0]LogConfig: Setting CVar [[r.DetailMode:2]]
[2021.12.08-08.40.49:411][  0]LogConfig: Setting CVar [[r.TranslucencyVolumeBlur:1]]
[2021.12.08-08.40.49:411][  0]LogConfig: Setting CVar [[r.MaterialQualityLevel:1 ; High quality]]
[2021.12.08-08.40.49:411][  0]LogConfig: Setting CVar [[r.AnisotropicMaterials:1]]
[2021.12.08-08.40.49:411][  0]LogConfig: Setting CVar [[r.SSS.Scale:1]]
[2021.12.08-08.40.49:411][  0]LogConfig: Setting CVar [[r.SSS.SampleSet:2]]
[2021.12.08-08.40.49:411][  0]LogConfig: Setting CVar [[r.SSS.Quality:1]]
[2021.12.08-08.40.49:411][  0]LogConfig: Setting CVar [[r.SSS.HalfRes:0]]
[2021.12.08-08.40.49:411][  0]LogConfig: Setting CVar [[r.SSGI.Quality:3]]
[2021.12.08-08.40.49:411][  0]LogConfig: Setting CVar [[r.EmitterSpawnRateScale:1.0]]
[2021.12.08-08.40.49:411][  0]LogConfig: Setting CVar [[r.ParticleLightQuality:2]]
[2021.12.08-08.40.49:411][  0]LogConfig: Setting CVar [[r.SkyAtmosphere.AerialPerspectiveLUT.FastApplyOnOpaque:1 ; Always have FastSkyLUT 1 in this case to avoid wrong sky]]
[2021.12.08-08.40.49:411][  0]LogConfig: Setting CVar [[r.SkyAtmosphere.AerialPerspectiveLUT.SampleCountMaxPerSlice:4]]
[2021.12.08-08.40.49:411][  0]LogConfig: Setting CVar [[r.SkyAtmosphere.AerialPerspectiveLUT.DepthResolution:16.0]]
[2021.12.08-08.40.49:411][  0]LogConfig: Setting CVar [[r.SkyAtmosphere.FastSkyLUT:1]]
[2021.12.08-08.40.49:411][  0]LogConfig: Setting CVar [[r.SkyAtmosphere.FastSkyLUT.SampleCountMin:4.0]]
[2021.12.08-08.40.49:411][  0]LogConfig: Setting CVar [[r.SkyAtmosphere.FastSkyLUT.SampleCountMax:128.0]]
[2021.12.08-08.40.49:411][  0]LogConfig: Setting CVar [[r.SkyAtmosphere.SampleCountMin:4.0]]
[2021.12.08-08.40.49:411][  0]LogConfig: Setting CVar [[r.SkyAtmosphere.SampleCountMax:128.0]]
[2021.12.08-08.40.49:411][  0]LogConfig: Setting CVar [[r.SkyAtmosphere.TransmittanceLUT.UseSmallFormat:0]]
[2021.12.08-08.40.49:411][  0]LogConfig: Setting CVar [[r.SkyAtmosphere.TransmittanceLUT.SampleCount:10.0]]
[2021.12.08-08.40.49:411][  0]LogConfig: Setting CVar [[r.SkyAtmosphere.MultiScatteringLUT.SampleCount:15.0]]
[2021.12.08-08.40.49:411][  0]LogConfig: Setting CVar [[r.SkyLight.RealTimeReflectionCapture:1]]
[2021.12.08-08.40.49:411][  0]LogConfig: Setting CVar [[fx.Niagara.QualityLevel:3]]
[2021.12.08-08.40.49:411][  0]LogConfig: Applying CVar settings from Section [FoliageQuality@3] File [C:/Users/Devan/Desktop/Unreal Engine/GAD174_Project3/Saved/Config/Windows/Scalability.ini]
[2021.12.08-08.40.49:411][  0]LogConfig: Setting CVar [[foliage.DensityScale:1.0]]
[2021.12.08-08.40.49:411][  0]LogConfig: Setting CVar [[grass.DensityScale:1.0]]
[2021.12.08-08.40.49:411][  0]LogConfig: Applying CVar settings from Section [ShadingQuality@3] File [C:/Users/Devan/Desktop/Unreal Engine/GAD174_Project3/Saved/Config/Windows/Scalability.ini]
[2021.12.08-08.40.49:411][  0]LogConfig: Setting CVar [[r.HairStrands.SkyLighting.IntegrationType:2]]
[2021.12.08-08.40.49:411][  0]LogConfig: Setting CVar [[r.HairStrands.SkyAO.SampleCount:4]]
[2021.12.08-08.40.49:411][  0]LogConfig: Setting CVar [[r.HairStrands.Visibility.MSAA.SamplePerPixel:4]]
[2021.12.08-08.40.49:411][  0]LogConfig: Setting CVar [[r.HairStrands.Interpolation.UseSingleGuide:0]]
[2021.12.08-08.40.49:411][  0]LogInit: Selected Device Profile: [Windows]
[2021.12.08-08.40.49:411][  0]LogInit: Applying CVar settings loaded from the selected device profile: [Windows]
[2021.12.08-08.40.49:411][  0]LogHAL: Display: Platform has ~ 16 GB [17115611136 / 17179869184 / 16], which maps to Larger [LargestMinGB=32, LargerMinGB=12, DefaultMinGB=8, SmallerMinGB=6, SmallestMinGB=0)
[2021.12.08-08.40.49:411][  0]LogInit: Going up to parent DeviceProfile []
[2021.12.08-08.40.49:411][  0]LogConfig: Applying CVar settings from Section [ViewDistanceQuality@3] File [C:/Users/Devan/Desktop/Unreal Engine/GAD174_Project3/Saved/Config/Windows/Scalability.ini]
[2021.12.08-08.40.49:411][  0]LogConfig: Setting CVar [[r.SkeletalMeshLODBias:0]]
[2021.12.08-08.40.49:411][  0]LogConfig: Setting CVar [[r.ViewDistanceScale:1.0]]
[2021.12.08-08.40.49:411][  0]LogConfig: Applying CVar settings from Section [AntiAliasingQuality@3] File [C:/Users/Devan/Desktop/Unreal Engine/GAD174_Project3/Saved/Config/Windows/Scalability.ini]
[2021.12.08-08.40.49:411][  0]LogConfig: Setting CVar [[r.PostProcessAAQuality:4]]
[2021.12.08-08.40.49:411][  0]LogConfig: Applying CVar settings from Section [ShadowQuality@3] File [C:/Users/Devan/Desktop/Unreal Engine/GAD174_Project3/Saved/Config/Windows/Scalability.ini]
[2021.12.08-08.40.49:411][  0]LogConfig: Setting CVar [[r.LightFunctionQuality:1]]
[2021.12.08-08.40.49:411][  0]LogConfig: Setting CVar [[r.ShadowQuality:5]]
[2021.12.08-08.40.49:411][  0]LogConfig: Setting CVar [[r.Shadow.CSM.MaxCascades:10]]
[2021.12.08-08.40.49:411][  0]LogConfig: Setting CVar [[r.Shadow.MaxResolution:2048]]
[2021.12.08-08.40.49:412][  0]LogConfig: Setting CVar [[r.Shadow.MaxCSMResolution:2048]]
[2021.12.08-08.40.49:412][  0]LogConfig: Setting CVar [[r.Shadow.RadiusThreshold:0.01]]
[2021.12.08-08.40.49:412][  0]LogConfig: Setting CVar [[r.Shadow.DistanceScale:1.0]]
[2021.12.08-08.40.49:412][  0]LogConfig: Setting CVar [[r.Shadow.CSM.TransitionScale:1.0]]
[2021.12.08-08.40.49:412][  0]LogConfig: Setting CVar [[r.Shadow.PreShadowResolutionFactor:1.0]]
[2021.12.08-08.40.49:412][  0]LogConfig: Setting CVar [[r.DistanceFieldShadowing:1]]
[2021.12.08-08.40.49:412][  0]LogConfig: Setting CVar [[r.DistanceFieldAO:1]]
[2021.12.08-08.40.49:412][  0]LogConfig: Setting CVar [[r.AOQuality:2]]
[2021.12.08-08.40.49:412][  0]LogConfig: Setting CVar [[r.VolumetricFog:1]]
[2021.12.08-08.40.49:412][  0]LogConfig: Setting CVar [[r.VolumetricFog.GridPixelSize:8]]
[2021.12.08-08.40.49:412][  0]LogConfig: Setting CVar [[r.VolumetricFog.GridSizeZ:128]]
[2021.12.08-08.40.49:412][  0]LogConfig: Setting CVar [[r.VolumetricFog.HistoryMissSupersampleCount:4]]
[2021.12.08-08.40.49:412][  0]LogConfig: Setting CVar [[r.LightMaxDrawDistanceScale:1]]
[2021.12.08-08.40.49:412][  0]LogConfig: Setting CVar [[r.CapsuleShadows:1]]
[2021.12.08-08.40.49:412][  0]LogConfig: Applying CVar settings from Section [PostProcessQuality@3] File [C:/Users/Devan/Desktop/Unreal Engine/GAD174_Project3/Saved/Config/Windows/Scalability.ini]
[2021.12.08-08.40.49:412][  0]LogConfig: Setting CVar [[r.MotionBlurQuality:4]]
[2021.12.08-08.40.49:412][  0]LogConfig: Setting CVar [[r.AmbientOcclusionMipLevelFactor:0.4]]
[2021.12.08-08.40.49:412][  0]LogConfig: Setting CVar [[r.AmbientOcclusionMaxQuality:100]]
[2021.12.08-08.40.49:412][  0]LogConfig: Setting CVar [[r.AmbientOcclusionLevels:-1]]
[2021.12.08-08.40.49:412][  0]LogConfig: Setting CVar [[r.AmbientOcclusionRadiusScale:1.0]]
[2021.12.08-08.40.49:412][  0]LogConfig: Setting CVar [[r.DepthOfFieldQuality:2]]
[2021.12.08-08.40.49:412][  0]LogConfig: Setting CVar [[r.RenderTargetPoolMin:400]]
[2021.12.08-08.40.49:412][  0]LogConfig: Setting CVar [[r.LensFlareQuality:2]]
[2021.12.08-08.40.49:412][  0]LogConfig: Setting CVar [[r.SceneColorFringeQuality:1]]
[2021.12.08-08.40.49:412][  0]LogConfig: Setting CVar [[r.EyeAdaptationQuality:2]]
[2021.12.08-08.40.49:412][  0]LogConfig: Setting CVar [[r.BloomQuality:5]]
[2021.12.08-08.40.49:412][  0]LogConfig: Setting CVar [[r.FastBlurThreshold:100]]
[2021.12.08-08.40.49:412][  0]LogConfig: Setting CVar [[r.Upscale.Quality:3]]
[2021.12.08-08.40.49:412][  0]LogConfig: Setting CVar [[r.Tonemapper.GrainQuantization:1]]
[2021.12.08-08.40.49:412][  0]LogConfig: Setting CVar [[r.LightShaftQuality:1]]
[2021.12.08-08.40.49:412][  0]LogConfig: Setting CVar [[r.Filter.SizeScale:1]]
[2021.12.08-08.40.49:412][  0]LogConfig: Setting CVar [[r.Tonemapper.Quality:5]]
[2021.12.08-08.40.49:412][  0]LogConfig: Setting CVar [[r.DOF.Gather.AccumulatorQuality:1        ; higher gathering accumulator quality]]
[2021.12.08-08.40.49:412][  0]LogConfig: Setting CVar [[r.DOF.Gather.PostfilterMethod:1          ; Median3x3 postfilering method]]
[2021.12.08-08.40.49:412][  0]LogConfig: Setting CVar [[r.DOF.Gather.EnableBokehSettings:0       ; no bokeh simulation when gathering]]
[2021.12.08-08.40.49:412][  0]LogConfig: Setting CVar [[r.DOF.Gather.RingCount:4                 ; medium number of samples when gathering]]
[2021.12.08-08.40.49:412][  0]LogConfig: Setting CVar [[r.DOF.Scatter.ForegroundCompositing:1    ; additive foreground scattering]]
[2021.12.08-08.40.49:412][  0]LogConfig: Setting CVar [[r.DOF.Scatter.BackgroundCompositing:2    ; additive background scattering]]
[2021.12.08-08.40.49:412][  0]LogConfig: Setting CVar [[r.DOF.Scatter.EnableBokehSettings:1      ; bokeh simulation when scattering]]
[2021.12.08-08.40.49:412][  0]LogConfig: Setting CVar [[r.DOF.Scatter.MaxSpriteRatio:0.1         ; only a maximum of 10% of scattered bokeh]]
[2021.12.08-08.40.49:412][  0]LogConfig: Setting CVar [[r.DOF.Recombine.Quality:1                ; cheap slight out of focus]]
[2021.12.08-08.40.49:412][  0]LogConfig: Setting CVar [[r.DOF.Recombine.EnableBokehSettings:0    ; no bokeh simulation on slight out of focus]]
[2021.12.08-08.40.49:412][  0]LogConfig: Setting CVar [[r.DOF.TemporalAAQuality:1                ; more stable temporal accumulation]]
[2021.12.08-08.40.49:412][  0]LogConfig: Setting CVar [[r.DOF.Kernel.MaxForegroundRadius:0.025]]
[2021.12.08-08.40.49:412][  0]LogConfig: Setting CVar [[r.DOF.Kernel.MaxBackgroundRadius:0.025]]
[2021.12.08-08.40.49:412][  0]LogConfig: Applying CVar settings from Section [TextureQuality@3] File [C:/Users/Devan/Desktop/Unreal Engine/GAD174_Project3/Saved/Config/Windows/Scalability.ini]
[2021.12.08-08.40.49:412][  0]LogConfig: Setting CVar [[r.Streaming.MipBias:0]]
[2021.12.08-08.40.49:412][  0]LogConfig: Setting CVar [[r.Streaming.AmortizeCPUToGPUCopy:0]]
[2021.12.08-08.40.49:412][  0]LogConfig: Setting CVar [[r.Streaming.MaxNumTexturesToStreamPerFrame:0]]
[2021.12.08-08.40.49:412][  0]LogConfig: Setting CVar [[r.Streaming.Boost:1]]
[2021.12.08-08.40.49:412][  0]LogConfig: Setting CVar [[r.MaxAnisotropy:8]]
[2021.12.08-08.40.49:412][  0]LogConfig: Setting CVar [[r.VT.MaxAnisotropy:8]]
[2021.12.08-08.40.49:412][  0]LogConfig: Setting CVar [[r.Streaming.LimitPoolSizeToVRAM:0]]
[2021.12.08-08.40.49:412][  0]LogConfig: Setting CVar [[r.Streaming.PoolSize:1000]]
[2021.12.08-08.40.49:412][  0]LogConfig: Setting CVar [[r.Streaming.MaxEffectiveScreenSize:0]]
[2021.12.08-08.40.49:412][  0]LogConfig: Applying CVar settings from Section [EffectsQuality@3] File [C:/Users/Devan/Desktop/Unreal Engine/GAD174_Project3/Saved/Config/Windows/Scalability.ini]
[2021.12.08-08.40.49:412][  0]LogConfig: Setting CVar [[r.TranslucencyLightingVolumeDim:64]]
[2021.12.08-08.40.49:412][  0]LogConfig: Setting CVar [[r.RefractionQuality:2]]
[2021.12.08-08.40.49:412][  0]LogConfig: Setting CVar [[r.SSR.Quality:3]]
[2021.12.08-08.40.49:412][  0]LogConfig: Setting CVar [[r.SSR.HalfResSceneColor:0]]
[2021.12.08-08.40.49:412][  0]LogConfig: Setting CVar [[r.SceneColorFormat:4]]
[2021.12.08-08.40.49:412][  0]LogConfig: Setting CVar [[r.DetailMode:2]]
[2021.12.08-08.40.49:412][  0]LogConfig: Setting CVar [[r.TranslucencyVolumeBlur:1]]
[2021.12.08-08.40.49:412][  0]LogConfig: Setting CVar [[r.MaterialQualityLevel:1 ; High quality]]
[2021.12.08-08.40.49:412][  0]LogConfig: Setting CVar [[r.AnisotropicMaterials:1]]
[2021.12.08-08.40.49:412][  0]LogConfig: Setting CVar [[r.SSS.Scale:1]]
[2021.12.08-08.40.49:412][  0]LogConfig: Setting CVar [[r.SSS.SampleSet:2]]
[2021.12.08-08.40.49:412][  0]LogConfig: Setting CVar [[r.SSS.Quality:1]]
[2021.12.08-08.40.49:412][  0]LogConfig: Setting CVar [[r.SSS.HalfRes:0]]
[2021.12.08-08.40.49:412][  0]LogConfig: Setting CVar [[r.SSGI.Quality:3]]
[2021.12.08-08.40.49:412][  0]LogConfig: Setting CVar [[r.EmitterSpawnRateScale:1.0]]
[2021.12.08-08.40.49:412][  0]LogConfig: Setting CVar [[r.ParticleLightQuality:2]]
[2021.12.08-08.40.49:412][  0]LogConfig: Setting CVar [[r.SkyAtmosphere.AerialPerspectiveLUT.FastApplyOnOpaque:1 ; Always have FastSkyLUT 1 in this case to avoid wrong sky]]
[2021.12.08-08.40.49:412][  0]LogConfig: Setting CVar [[r.SkyAtmosphere.AerialPerspectiveLUT.SampleCountMaxPerSlice:4]]
[2021.12.08-08.40.49:412][  0]LogConfig: Setting CVar [[r.SkyAtmosphere.AerialPerspectiveLUT.DepthResolution:16.0]]
[2021.12.08-08.40.49:412][  0]LogConfig: Setting CVar [[r.SkyAtmosphere.FastSkyLUT:1]]
[2021.12.08-08.40.49:412][  0]LogConfig: Setting CVar [[r.SkyAtmosphere.FastSkyLUT.SampleCountMin:4.0]]
[2021.12.08-08.40.49:412][  0]LogConfig: Setting CVar [[r.SkyAtmosphere.FastSkyLUT.SampleCountMax:128.0]]
[2021.12.08-08.40.49:412][  0]LogConfig: Setting CVar [[r.SkyAtmosphere.SampleCountMin:4.0]]
[2021.12.08-08.40.49:412][  0]LogConfig: Setting CVar [[r.SkyAtmosphere.SampleCountMax:128.0]]
[2021.12.08-08.40.49:412][  0]LogConfig: Setting CVar [[r.SkyAtmosphere.TransmittanceLUT.UseSmallFormat:0]]
[2021.12.08-08.40.49:412][  0]LogConfig: Setting CVar [[r.SkyAtmosphere.TransmittanceLUT.SampleCount:10.0]]
[2021.12.08-08.40.49:412][  0]LogConfig: Setting CVar [[r.SkyAtmosphere.MultiScatteringLUT.SampleCount:15.0]]
[2021.12.08-08.40.49:412][  0]LogConfig: Setting CVar [[r.SkyLight.RealTimeReflectionCapture:1]]
[2021.12.08-08.40.49:412][  0]LogConfig: Setting CVar [[fx.Niagara.QualityLevel:3]]
[2021.12.08-08.40.49:412][  0]LogConfig: Applying CVar settings from Section [FoliageQuality@3] File [C:/Users/Devan/Desktop/Unreal Engine/GAD174_Project3/Saved/Config/Windows/Scalability.ini]
[2021.12.08-08.40.49:412][  0]LogConfig: Setting CVar [[foliage.DensityScale:1.0]]
[2021.12.08-08.40.49:412][  0]LogConfig: Setting CVar [[grass.DensityScale:1.0]]
[2021.12.08-08.40.49:412][  0]LogConfig: Applying CVar settings from Section [ShadingQuality@3] File [C:/Users/Devan/Desktop/Unreal Engine/GAD174_Project3/Saved/Config/Windows/Scalability.ini]
[2021.12.08-08.40.49:412][  0]LogConfig: Setting CVar [[r.HairStrands.SkyLighting.IntegrationType:2]]
[2021.12.08-08.40.49:412][  0]LogConfig: Setting CVar [[r.HairStrands.SkyAO.SampleCount:4]]
[2021.12.08-08.40.49:413][  0]LogConfig: Setting CVar [[r.HairStrands.Visibility.MSAA.SamplePerPixel:4]]
[2021.12.08-08.40.49:413][  0]LogConfig: Setting CVar [[r.HairStrands.Interpolation.UseSingleGuide:0]]
[2021.12.08-08.40.49:413][  0]LogConfig: Applying CVar settings from Section [Startup] File [../../../Engine/Config/ConsoleVariables.ini]
[2021.12.08-08.40.49:413][  0]LogConfig: Setting CVar [[net.UseAdaptiveNetUpdateFrequency:0]]
[2021.12.08-08.40.49:413][  0]LogConfig: Setting CVar [[p.chaos.AllowCreatePhysxBodies:1]]
[2021.12.08-08.40.49:413][  0]LogConfig: Setting CVar [[fx.SkipVectorVMBackendOptimizations:1]]
[2021.12.08-08.40.49:413][  0]LogConfig: Applying CVar settings from Section [ConsoleVariables] File [C:/Users/Devan/Desktop/Unreal Engine/GAD174_Project3/Saved/Config/Windows/Engine.ini]
[2021.12.08-08.40.49:413][  0]LogConfig: Setting CVar [[fx.Niagara.ForceLastTickGroup:1]]
[2021.12.08-08.40.49:413][  0]LogConfig: Applying CVar settings from Section [ConsoleVariables] File [C:/Users/Devan/Desktop/Unreal Engine/GAD174_Project3/Saved/Config/Windows/Editor.ini]
[2021.12.08-08.40.49:413][  0]LogInit: Computer: DEVAN-PC
[2021.12.08-08.40.49:413][  0]LogInit: User: Devan
[2021.12.08-08.40.49:413][  0]LogInit: CPU Page size=4096, Cores=6
[2021.12.08-08.40.49:413][  0]LogInit: High frequency timer resolution =10.000000 MHz
[2021.12.08-08.40.49:413][  0]LogMemory: Memory total: Physical=15.9GB (16GB approx)
[2021.12.08-08.40.49:413][  0]LogMemory: Platform Memory Stats for Windows
[2021.12.08-08.40.49:413][  0]LogMemory: Process Physical Memory: 147.59 MB used, 147.59 MB peak
[2021.12.08-08.40.49:413][  0]LogMemory: Process Virtual Memory: 128.46 MB used, 128.46 MB peak
[2021.12.08-08.40.49:414][  0]LogMemory: Physical Memory: 11027.61 MB used,  5295.11 MB free, 16322.72 MB total
[2021.12.08-08.40.49:414][  0]LogMemory: Virtual Memory: 134213520.00 MB used,  4210.62 MB free, 134217728.00 MB total
[2021.12.08-08.40.49:421][  0]LogWindows: WindowsPlatformFeatures enabled
[2021.12.08-08.40.49:468][  0]LogInit: Physics initialised using underlying interface: PhysX
[2021.12.08-08.40.49:470][  0]LogInit: Using OS detected language (en-GB).
[2021.12.08-08.40.49:470][  0]LogInit: Using OS detected locale (en-AU).
[2021.12.08-08.40.49:472][  0]LogTextLocalizationManager: No specific localization for 'en-GB' exists, so the 'en' localization will be used.
[2021.12.08-08.40.49:666][  0]LogInit: Setting process to per monitor DPI aware
[2021.12.08-08.40.49:680][  0]LogWindowsTextInputMethodSystem: Display: IME system deactivated.
[2021.12.08-08.40.49:693][  0]LogSlate: New Slate User Created.  User Index 0, Is Virtual User: 0
[2021.12.08-08.40.49:693][  0]LogSlate: Slate User Registered.  User Index 0, Is Virtual User: 0
[2021.12.08-08.40.49:884][  0]LogD3D11RHI: Loaded GFSDK_Aftermath_Lib.x64.dll
[2021.12.08-08.40.49:966][  0]LogHMD: Failed to initialize OpenVR with code 108
[2021.12.08-08.40.49:966][  0]LogD3D11RHI: D3D11 min allowed feature level: 11_0
[2021.12.08-08.40.49:966][  0]LogD3D11RHI: D3D11 max allowed feature level: 11_0
[2021.12.08-08.40.49:966][  0]LogD3D11RHI: D3D11 adapters:
[2021.12.08-08.40.50:058][  0]LogD3D11RHI:    0. 'NVIDIA GeForce RTX 3060 Ti' (Feature Level 11_0)
[2021.12.08-08.40.50:058][  0]LogD3D11RHI:       8050/0/8161 MB DedicatedVideo/DedicatedSystem/SharedSystem, Outputs:1, VendorId:0x10de
[2021.12.08-08.40.50:060][  0]LogD3D11RHI:    1. 'Microsoft Basic Render Driver' (Feature Level 11_0)
[2021.12.08-08.40.50:060][  0]LogD3D11RHI:       0/0/8161 MB DedicatedVideo/DedicatedSystem/SharedSystem, Outputs:0, VendorId:0x1414
[2021.12.08-08.40.50:060][  0]LogD3D11RHI: Chosen D3D11 Adapter:
[2021.12.08-08.40.50:060][  0]LogD3D11RHI:     Description : NVIDIA GeForce RTX 3060 Ti
[2021.12.08-08.40.50:060][  0]LogD3D11RHI:     VendorId    : 10de
[2021.12.08-08.40.50:060][  0]LogD3D11RHI:     DeviceId    : 2489
[2021.12.08-08.40.50:060][  0]LogD3D11RHI:     SubSysId    : 883c1043
[2021.12.08-08.40.50:060][  0]LogD3D11RHI:     Revision    : 00a1
[2021.12.08-08.40.50:060][  0]LogD3D11RHI:     DedicatedVideoMemory : 8441036800 bytes
[2021.12.08-08.40.50:060][  0]LogD3D11RHI:     DedicatedSystemMemory : 0 bytes
[2021.12.08-08.40.50:060][  0]LogD3D11RHI:     SharedSystemMemory : 8557805568 bytes
[2021.12.08-08.40.50:060][  0]LogD3D11RHI:     AdapterLuid : 0 72788
[2021.12.08-08.40.50:068][  0]LogD3D11RHI: Creating new Direct3DDevice
[2021.12.08-08.40.50:068][  0]LogD3D11RHI:     GPU DeviceId: 0x2489 (for the marketing name, search the web for "GPU Device Id")
[2021.12.08-08.40.50:068][  0]LogWindows: EnumDisplayDevices:
[2021.12.08-08.40.50:068][  0]LogWindows:    0. 'NVIDIA GeForce RTX 3060 Ti' (P:1 D:1)
[2021.12.08-08.40.50:068][  0]LogWindows:    1. 'NVIDIA GeForce RTX 3060 Ti' (P:0 D:0)
[2021.12.08-08.40.50:069][  0]LogWindows:    2. 'NVIDIA GeForce RTX 3060 Ti' (P:0 D:0)
[2021.12.08-08.40.50:069][  0]LogWindows:    3. 'NVIDIA GeForce RTX 3060 Ti' (P:0 D:0)
[2021.12.08-08.40.50:069][  0]LogWindows: DebugString: FoundDriverCount:4 
[2021.12.08-08.40.50:069][  0]LogD3D11RHI:     Adapter Name: NVIDIA GeForce RTX 3060 Ti
[2021.12.08-08.40.50:069][  0]LogD3D11RHI:   Driver Version: 497.09 (internal:30.0.14.9709, unified:497.09)
[2021.12.08-08.40.50:069][  0]LogD3D11RHI:      Driver Date: 11-26-2021
[2021.12.08-08.40.50:069][  0]LogRHI: Texture pool is 5635 MB (70% of 8050 MB)
[2021.12.08-08.40.50:069][  0]LogD3D11RHI: Creating D3DDevice using adapter:
[2021.12.08-08.40.50:069][  0]LogD3D11RHI:     Description : NVIDIA GeForce RTX 3060 Ti
[2021.12.08-08.40.50:069][  0]LogD3D11RHI:     VendorId    : 10de
[2021.12.08-08.40.50:069][  0]LogD3D11RHI:     DeviceId    : 2489
[2021.12.08-08.40.50:069][  0]LogD3D11RHI:     SubSysId    : 883c1043
[2021.12.08-08.40.50:069][  0]LogD3D11RHI:     Revision    : 00a1
[2021.12.08-08.40.50:069][  0]LogD3D11RHI:     DedicatedVideoMemory : 8441036800 bytes
[2021.12.08-08.40.50:069][  0]LogD3D11RHI:     DedicatedSystemMemory : 0 bytes
[2021.12.08-08.40.50:069][  0]LogD3D11RHI:     SharedSystemMemory : 8557805568 bytes
[2021.12.08-08.40.50:069][  0]LogD3D11RHI:     AdapterLuid : 0 72788
[2021.12.08-08.40.50:116][  0]LogD3D11RHI: RHI has support for 64 bit atomics
[2021.12.08-08.40.50:116][  0]LogD3D11RHI: Async texture creation enabled
[2021.12.08-08.40.50:116][  0]LogD3D11RHI: Array index from any shader is supported
[2021.12.08-08.40.50:118][  0]LogD3D11RHI: HDR output is supported on display 0 (NvId: 0x80061085).
[2021.12.08-08.40.50:132][  0]LogD3D11RHI: GPU Timing Frequency: 1000.000000 (Debug: 2 1)
[2021.12.08-08.40.50:159][  0]LogRHI: GeForceNow SDK initialized: 1
[2021.12.08-08.40.50:511][  0]LogTargetPlatformManager: Display: Loaded TargetPlatform 'AllDesktop'
[2021.12.08-08.40.50:533][  0]LogTargetPlatformManager: Display: Loaded TargetPlatform 'Android'
[2021.12.08-08.40.50:533][  0]LogTargetPlatformManager: Display: Loaded TargetPlatform 'Android_ASTC'
[2021.12.08-08.40.50:533][  0]LogTargetPlatformManager: Display: Loaded TargetPlatform 'Android_DXT'
[2021.12.08-08.40.50:533][  0]LogTargetPlatformManager: Display: Loaded TargetPlatform 'Android_ETC2'
[2021.12.08-08.40.50:533][  0]LogTargetPlatformManager: Display: Loaded TargetPlatform 'AndroidClient'
[2021.12.08-08.40.50:533][  0]LogTargetPlatformManager: Display: Loaded TargetPlatform 'Android_ASTCClient'
[2021.12.08-08.40.50:533][  0]LogTargetPlatformManager: Display: Loaded TargetPlatform 'Android_DXTClient'
[2021.12.08-08.40.50:533][  0]LogTargetPlatformManager: Display: Loaded TargetPlatform 'Android_ETC2Client'
[2021.12.08-08.40.50:533][  0]LogTargetPlatformManager: Display: Loaded TargetPlatform 'Android_Multi'
[2021.12.08-08.40.50:533][  0]LogTargetPlatformManager: Display: Loaded TargetPlatform 'Android_MultiClient'
[2021.12.08-08.40.50:553][  0]LogTargetPlatformManager: Display: Loaded TargetPlatform 'IOSClient'
[2021.12.08-08.40.50:553][  0]LogTargetPlatformManager: Display: Loaded TargetPlatform 'IOS'
[2021.12.08-08.40.50:563][  0]LogTargetPlatformManager: Display: Loaded TargetPlatform 'Linux'
[2021.12.08-08.40.50:568][  0]LogTargetPlatformManager: Display: Loaded TargetPlatform 'LinuxNoEditor'
[2021.12.08-08.40.50:573][  0]LogTargetPlatformManager: Display: Loaded TargetPlatform 'LinuxClient'
[2021.12.08-08.40.50:578][  0]LogTargetPlatformManager: Display: Loaded TargetPlatform 'LinuxServer'
[2021.12.08-08.40.50:587][  0]LogTargetPlatformManager: Display: Loaded TargetPlatform 'LinuxAArch64NoEditor'
[2021.12.08-08.40.50:592][  0]LogTargetPlatformManager: Display: Loaded TargetPlatform 'LinuxAArch64Client'
[2021.12.08-08.40.50:596][  0]LogTargetPlatformManager: Display: Loaded TargetPlatform 'LinuxAArch64Server'
[2021.12.08-08.40.50:619][  0]LogTargetPlatformManager: Display: Loaded TargetPlatform 'Lumin'
[2021.12.08-08.40.50:619][  0]LogTargetPlatformManager: Display: Loaded TargetPlatform 'LuminClient'
[2021.12.08-08.40.50:627][  0]LogTargetPlatformManager: Display: Loaded TargetPlatform 'MacNoEditor'
[2021.12.08-08.40.50:633][  0]LogTargetPlatformManager: Display: Loaded TargetPlatform 'Mac'
[2021.12.08-08.40.50:637][  0]LogTargetPlatformManager: Display: Loaded TargetPlatform 'MacClient'
[2021.12.08-08.40.50:642][  0]LogTargetPlatformManager: Display: Loaded TargetPlatform 'MacServer'
[2021.12.08-08.40.50:652][  0]LogTargetPlatformManager: Display: Loaded TargetPlatform 'TVOSClient'
[2021.12.08-08.40.50:652][  0]LogTargetPlatformManager: Display: Loaded TargetPlatform 'TVOS'
[2021.12.08-08.40.50:662][  0]LogTargetPlatformManager: Display: Loaded TargetPlatform 'WindowsNoEditor'
[2021.12.08-08.40.50:667][  0]LogTargetPlatformManager: Display: Loaded TargetPlatform 'Windows'
[2021.12.08-08.40.50:671][  0]LogTargetPlatformManager: Display: Loaded TargetPlatform 'WindowsClient'
[2021.12.08-08.40.50:676][  0]LogTargetPlatformManager: Display: Loaded TargetPlatform 'WindowsServer'
[2021.12.08-08.40.50:676][  0]LogTargetPlatformManager: Display: Building Assets For Windows
[2021.12.08-08.40.50:685][  0]LogAudioDebug: Display: Lib vorbis DLL was dynamically loaded.
[2021.12.08-08.40.50:718][  0]LogTextureFormatOodle: Display: Oodle Texture 2.9.0 init RDO Off
[2021.12.08-08.40.50:755][  0]LogRendererCore: Ray tracing is disabled. Reason: r.RayTracing=0.
[2021.12.08-08.40.50:755][  0]LogShaderCompilers: Guid format shader working directory is -7 characters bigger than the processId version (C:/Users/Devan/Desktop/Unreal Engine/GAD174_Project3/Intermediate/Shaders/WorkingDirectory/18024/).
[2021.12.08-08.40.50:755][  0]LogShaderCompilers: Cleaned the shader compiler working directory 'C:/Users/Devan/AppData/Local/Temp/UnrealShaderWorkingDir/009B3E4643192247B182EE8B8DEFC15F/'.
[2021.12.08-08.40.50:755][  0]LogXGEController: Cannot use XGE Controller as Incredibuild is not installed on this machine.
[2021.12.08-08.40.50:755][  0]LogShaderCompilers: Cannot use XGE Shader Compiler as Incredibuild is not installed on this machine.
[2021.12.08-08.40.50:755][  0]LogShaderCompilers: Display: Using Local Shader Compiler.
[2021.12.08-08.40.51:576][  0]LogDerivedDataCache: Display: Max Cache Size: 512 MB
[2021.12.08-08.40.51:636][  0]LogDerivedDataCache: Loaded boot cache 0.06s 98MB C:/Users/Devan/AppData/Local/UnrealEngine/4.27/DerivedDataCache/Boot.ddc.
[2021.12.08-08.40.51:636][  0]LogDerivedDataCache: Display: Loaded Boot cache: C:/Users/Devan/AppData/Local/UnrealEngine/4.27/DerivedDataCache/Boot.ddc
[2021.12.08-08.40.51:636][  0]LogDerivedDataCache: FDerivedDataBackendGraph:  Pak pak cache file C:/Users/Devan/Desktop/Unreal Engine/GAD174_Project3/DerivedDataCache/DDC.ddp not found, will not use a pak cache.
[2021.12.08-08.40.51:636][  0]LogDerivedDataCache: Unable to find inner node Pak for hierarchical cache Hierarchy.
[2021.12.08-08.40.51:636][  0]LogDerivedDataCache: FDerivedDataBackendGraph:  CompressedPak pak cache file C:/Users/Devan/Desktop/Unreal Engine/GAD174_Project3/DerivedDataCache/Compressed.ddp not found, will not use a pak cache.
[2021.12.08-08.40.51:636][  0]LogDerivedDataCache: Unable to find inner node CompressedPak for hierarchical cache Hierarchy.
[2021.12.08-08.40.51:653][  0]LogDerivedDataCache: Display: Pak cache opened for reading ../../../Engine/DerivedDataCache/Compressed.ddp.
[2021.12.08-08.40.51:653][  0]LogDerivedDataCache: FDerivedDataBackendGraph:  EnterprisePak pak cache file ../../../Enterprise/DerivedDataCache/Compressed.ddp not found, will not use a pak cache.
[2021.12.08-08.40.51:653][  0]LogDerivedDataCache: Unable to find inner node EnterprisePak for hierarchical cache Hierarchy.
[2021.12.08-08.40.51:659][  0]LogDerivedDataCache: Speed tests for C:/Users/Devan/AppData/Local/UnrealEngine/Common/DerivedDataCache took 0.01 seconds
[2021.12.08-08.40.51:659][  0]LogDerivedDataCache: Display: Performance to C:/Users/Devan/AppData/Local/UnrealEngine/Common/DerivedDataCache: Latency=0.03ms. RandomReadSpeed=1471.72MBs, RandomWriteSpeed=201.34MBs. Assigned SpeedClass 'Local'
[2021.12.08-08.40.51:659][  0]LogDerivedDataCache: Using Local data cache path C:/Users/Devan/AppData/Local/UnrealEngine/Common/DerivedDataCache: Writable
[2021.12.08-08.40.51:659][  0]LogDerivedDataCache: Shared data cache path not found in *engine.ini, will not use an Shared cache.
[2021.12.08-08.40.51:659][  0]LogDerivedDataCache: Unable to find inner node Shared for hierarchical cache Hierarchy.
[2021.12.08-08.40.51:715][  0]LogSlate: Using FreeType 2.10.0
[2021.12.08-08.40.51:716][  0]LogSlate: SlateFontServices - WITH_FREETYPE: 1, WITH_HARFBUZZ: 1
[2021.12.08-08.40.51:741][  0]LogAssetRegistry: FAssetRegistry took 0.0027 seconds to start up
[2021.12.08-08.40.51:980][  0]LogInit: Selected Device Profile: [Windows]
[2021.12.08-08.40.51:980][  0]LogInit: Active device profile: [0000027CE620B200][0000027CDE652340 49] Windows
[2021.12.08-08.40.51:980][  0]LogInit: Profiles: [0000027CE620B200][0000027CDE652340 49] Windows, [0000027CE61C5000][0000027CDE656480 49] WindowsNoEditor, [0000027CE6209000][0000027CDE65A5C0 49] WindowsServer, [0000027CE61C6700][0000027CDE65E700 49] WindowsClient, [0000027CE620A700][0000027CDE3DA840 49] IOS, [0000027CE61C7A00][0000027CDE3E29C0 49] iPadAir, [0000027CE620AF00][0000027CDE3E6B40 49] iPadAir2, [0000027CE6172C00][0000027CDE3EEE00 49] IPadPro, [0000027CE6172D00][0000027CDE3EAE40 49] iPadAir3, [0000027CE6208300][0000027CDE3F2FC0 49] iPadAir4, [0000027CE6173600][0000027CDE3F7140 49] iPadMini2, [0000027CE6208100][0000027CDE3FB2C0 49] iPadMini3, [0000027CE6170B00][0000027CDE3FF440 49] iPadMini4, [0000027CE6208900][0000027CDE4035C0 49] iPadMini5, [0000027CE61B2500][0000027CDE40B880 49] iPhone6, [0000027CE61B2600][0000027CDE4078C0 49] iPodTouch6, [0000027CE6173D00][0000027CDE413B80 49] iPhone7, [0000027CE6172800][0000027CDE40FBC0 49] iPodTouch7, [0000027CE61B2E00][0000027CDE4161C0 49] iPhone5S, [0000027CE6172300][0000027CE253E340 49] iPhone6Plus, [0000027CE61B0B00][0000027CE25424C0 49] iPhone6S, [0000027CE6171C00][0000027CDE3DE600 49] iPhone6SPlus, [0000027CE61B3600][0000027CE2546740 49] iPhone7Plus, [0000027CE6170700][0000027CE254A880 49] iPhoneSE, [0000027CE61B0500][0000027CE254E9C0 49] iPhone8, [0000027CE6171400][0000027CE2556B40 49] iPhone8Plus, [0000027CE61B2F00][0000027CE255ACC0 49] iPhoneX, [0000027CE6170D00][0000027CE255EE40 49] iPhoneXS, [0000027CE61B0A00][0000027CE2562FC0 49] iPhoneXSMax, [0000027CE6172700][0000027CE2567140 49] iPhoneXR, [0000027CE61B2000][0000027CE256B2C0 49] iPhone11, [0000027CE6170200][0000027CE256F440 49] iPhone11Pro, [0000027CE61B1F00][0000027CE25735C0 49] iPhone11ProMax, [0000027CE6172200][0000027CE2577740 49] iPhoneSE2, [0000027CE61B0300][0000027CE257B8C0 49] iPhone12Mini, [0000027CE6172E00][0000027CE257FA40 49] iPhone12, [0000027CE61B1200][0000027CE2583BC0 49] iPhone12Pro, [0000027CE6173100][0000027CE25861C0 49] iPhone12ProMax, [0000027CE61B1B00][0000027CDE336340 49] iPadPro105, [0000027CE6171800][0000027CDE33A4C0 49] iPadPro129, [0000027CE61B3000][0000027CDE33E640 49] iPadPro97, [0000027CE6171600][0000027CDE3427C0 49] iPadPro2_129, [0000027CE61B3B00][0000027CE2552900 49] iPad5, [0000027CE6173A00][0000027CDE346A40 49] iPad6, [0000027CE61B3A00][0000027CDE34AB80 49] iPad7, [0000027CE6172600][0000027CDE352D00 49] iPad8, [0000027CE61B3300][0000027CDE356E80 49] iPadPro11, [0000027CE6171500][0000027CDE35B000 49] iPadPro2_11, [0000027CE61B1100][0000027CDE35F180 49] iPadPro3_129, [0000027CE6172A00][0000027CDE363300 49] iPadPro4_129, [0000027CE61C5300][0000027CDE367480 49] AppleTV, [0000027CE6249500][0000027CDE36B600 49] AppleTV4K, [0000027CE61C6200][0000027CDE36F780 49] TVOS, [0000027CE6248200][0000027CDE373900 49] Mac, [0000027CE61C7000][0000027CDE377A80 49] MacClient, [0000027CE6249F00][0000027CDE37BC00 49] MacNoEditor, [0000027CE61C5E00][0000027CDE37E200 49] MacServer, [0000027CE6248100][0000027CDE382380 49] Linux, [0000027CE61C6600][0000027CDE386500 49] LinuxAArch64, [0000027CE624A200][0000027CDE38A680 49] LinuxNoEditor, [0000027CE61C4600][0000027CE3110800 49] LinuxAArch64NoEditor, [0000027CE624A000][0000027CE3114980 49] LinuxClient, [0000027CE61C7800][0000027CDE34EAC0 49] LinuxAArch64Client, [0000027CE6248600][0000027CE3118C00 49] LinuxServer, [0000027CE61C6F00][0000027CE311CD40 49] LinuxAArch64Server, [0000027CE6249000][0000027CE3124EC0 49] Android, [0000027CE61C7500][0000027CE3129040 49] Android_Low, [0000027CE6249400][0000027CE312D1C0 49] Android_Mid, [0000027CE61C4100][0000027CE3131340 49] Android_High, [0000027CE624A100][0000027CE31354C0 49] Android_Default, [0000027CE61C4200][0000027CE3139640 49] Android_Adreno4xx, [0000027CE6249600][0000027CE313D7C0 49] Android_Adreno5xx_Low, [0000027CE6173900][0000027CE3141940 49] Android_Adreno5xx, [0000027CE61B1C00][0000027CE3145AC0 49] Android_Adreno6xx, [0000027CE6173700][0000027CE31480C0 49] Android_Adreno6xx_Vulkan, [0000027CE61B0E00][0000027CE314C240 49] Android_Mali_T6xx, [0000027CE6172400][0000027CE31503C0 49] Android_Mali_T7xx, [0000027CE61B1E00][0000027CE3154540 49] Android_Mali_T8xx, [0000027CE6170100][0000027CE31586C0 49] Android_Mali_G71, [0000027CE6249D00][0000027CE315C840 49] Android_Mali_G72, [0000027CE6173200][0000027CE31609C0 49] Android_Mali_G72_Vulkan, [0000027CE6249300][0000027CE3164B40 49] Android_Mali_G76, [0000027CE6171A00][0000027CE3120C80 49] Android_Mali_G76_Vulkan, [0000027CE624A800][0000027CE3168DC0 49] Android_Mali_G77, [0000027CE6171E00][0000027CE316CF00 49] Android_Mali_G77_Vulkan, [0000027CE624A700][0000027CE3171040 49] Android_Mali_G78, [0000027CE6173400][0000027CE31791C0 49] Android_Mali_G78_Vulkan, [0000027CE624A300][0000027CDE235340 49] Android_Mali_G710, [0000027CE6171700][0000027CDE2394C0 49] Android_Mali_G710_Vulkan, [0000027CE6248900][0000027CDE23D640 49] Android_Vulkan_SM5, [0000027CE6171D00][0000027CDE2417C0 49] Android_PowerVR_G6xxx, [0000027CE624A600][0000027CDE245940 49] Android_PowerVR_GT7xxx, [0000027CE6172900][0000027CDE249AC0 49] Android_PowerVR_GE8xxx, [0000027CE6248700][0000027CDE24C0C0 49] Android_PowerVR_GM9xxx, [0000027CE6172F00][0000027CDE250240 49] Android_PowerVR_GM9xxx_Vulkan, [0000027CE61B2B00][0000027CDE2543C0 49] Android_TegraK1, [0000027CE6172B00][0000027CDE258540 49] Android_Unknown_Vulkan, [0000027CE61B1D00][0000027CDE25C6C0 49] Lumin, [0000027CE6170E00][0000027CDE260840 49] Lumin_Desktop, [0000027CE61B1500][0000027CDE2649C0 49] HoloLens, 
[2021.12.08-08.40.52:032][  0]LogMeshReduction: Using QuadricMeshReduction for automatic static mesh reduction
[2021.12.08-08.40.52:032][  0]LogMeshReduction: Using SimplygonMeshReduction for automatic skeletal mesh reduction
[2021.12.08-08.40.52:032][  0]LogMeshReduction: Using ProxyLODMeshReduction for automatic mesh merging
[2021.12.08-08.40.52:032][  0]LogMeshReduction: No distributed automatic mesh merging module available
[2021.12.08-08.40.52:032][  0]LogMeshMerging: No distributed automatic mesh merging module available
[2021.12.08-08.40.52:133][  0]LogNetVersion: GAD174_Project3 1.0.0, NetCL: 17155196, EngineNetVer: 17, GameNetVer: 0 (Checksum: 2945808942)
[2021.12.08-08.40.52:525][  0]LogTexture: Default maximum texture size for cubemaps generated from long-lat sources has been changed from 512 to unlimited. In order to preserve old behaiour for '/Engine/MapTemplates/Sky/DaylightAmbientCubemap.DaylightAmbientCubemap', its maximum texture size has been explicitly set to 512.
[2021.12.08-08.40.52:623][  0]LogHMD: PokeAHoleMaterial loaded successfully
[2021.12.08-08.40.52:629][  0]LogUObjectArray: 18050 objects as part of root set at end of initial load.
[2021.12.08-08.40.52:629][  0]LogUObjectAllocator: 4611168 out of 0 bytes used by permanent object pool.
[2021.12.08-08.40.52:629][  0]LogUObjectArray: CloseDisregardForGC: 0/0 objects in disregard for GC pool
[2021.12.08-08.40.52:960][  0]LogPython: Using Python 3.7.7
[2021.12.08-08.40.53:551][  0]LogNiagaraDebuggerClient: Niagara Debugger Client Initialized | Session: 4A4BD5F64319AEEF9C66D7809EE8CF94 | Instance: 39ECE0224DFC2EA01EDB899976A46605 (DEVAN-PC-18024).
[2021.12.08-08.40.53:700][  0]LogTcpMessaging: Initializing TcpMessaging bridge
[2021.12.08-08.40.53:705][  0]LogUdpMessaging: Initializing bridge on interface 0.0.0.0:0 to multicast group 230.0.0.1:6666.
[2021.12.08-08.40.53:870][  0]SourceControl: Source control is disabled
[2021.12.08-08.40.53:870][  0]SourceControl: Source control is disabled
[2021.12.08-08.40.53:875][  0]SourceControl: Source control is disabled
[2021.12.08-08.40.53:878][  0]SourceControl: Source control is disabled
[2021.12.08-08.40.53:890][  0]SourceControl: Source control is disabled
[2021.12.08-08.40.53:897][  0]LogUProjectInfo: Found projects:
[2021.12.08-08.40.54:122][  0]LogOpenImageDenoise: OIDN starting up
[2021.12.08-08.40.54:200][  0]LogAndroidPermission: UAndroidPermissionCallbackProxy::GetInstance
[2021.12.08-08.40.54:226][  0]LogAudioCaptureCore: Display: No Audio Capture implementations found. Audio input will be silent.
[2021.12.08-08.40.54:226][  0]LogAudioCaptureCore: Display: No Audio Capture implementations found. Audio input will be silent.
[2021.12.08-08.40.54:363][  0]LogCollectionManager: Loaded 0 collections in 0.000727 seconds
[2021.12.08-08.40.54:387][  0]LogFileCache: Scanning file cache for directory 'C:/Users/Devan/Desktop/Unreal Engine/GAD174_Project3/Saved/Collections/' took 0.00s
[2021.12.08-08.40.54:387][  0]LogFileCache: Scanning file cache for directory 'C:/Users/Devan/Desktop/Unreal Engine/GAD174_Project3/Content/Developers/Devan/Collections/' took 0.00s
[2021.12.08-08.40.54:387][  0]LogFileCache: Scanning file cache for directory 'C:/Users/Devan/Desktop/Unreal Engine/GAD174_Project3/Content/Collections/' took 0.00s
[2021.12.08-08.40.54:387][  0]LogOcInput: OculusInput pre-init called
[2021.12.08-08.40.54:676][  0]LogClass: Display: IntProperty FVertexLayout::Position is not initialized properly. Module:RigLogicModule File:Public/DNACommon.h
[2021.12.08-08.40.54:676][  0]LogClass: Display: IntProperty FVertexLayout::TextureCoordinate is not initialized properly. Module:RigLogicModule File:Public/DNACommon.h
[2021.12.08-08.40.54:676][  0]LogClass: Display: IntProperty FVertexLayout::Normal is not initialized properly. Module:RigLogicModule File:Public/DNACommon.h
[2021.12.08-08.40.54:676][  0]LogClass: Display: FloatProperty FTextureCoordinate::U is not initialized properly. Module:RigLogicModule File:Public/DNACommon.h
[2021.12.08-08.40.54:676][  0]LogClass: Display: FloatProperty FTextureCoordinate::V is not initialized properly. Module:RigLogicModule File:Public/DNACommon.h
[2021.12.08-08.40.54:676][  0]LogClass: Display: IntProperty FMeshBlendShapeChannelMapping::MeshIndex is not initialized properly. Module:RigLogicModule File:Public/DNACommon.h
[2021.12.08-08.40.54:676][  0]LogClass: Display: IntProperty FMeshBlendShapeChannelMapping::BlendShapeChannelIndex is not initialized properly. Module:RigLogicModule File:Public/DNACommon.h
[2021.12.08-08.40.54:676][  0]LogClass: Display: EnumProperty FCoordinateSystem::XAxis is not initialized properly. Module:RigLogicModule File:Public/DNACommon.h
[2021.12.08-08.40.54:676][  0]LogClass: Display: EnumProperty FCoordinateSystem::YAxis is not initialized properly. Module:RigLogicModule File:Public/DNACommon.h
[2021.12.08-08.40.54:676][  0]LogClass: Display: EnumProperty FCoordinateSystem::ZAxis is not initialized properly. Module:RigLogicModule File:Public/DNACommon.h
[2021.12.08-08.40.54:676][  0]LogClass: Display: 10 Uninitialized script struct members found including 0 object properties
[2021.12.08-08.40.54:677][  0]LogEngine: Initializing Engine...
[2021.12.08-08.40.54:766][  0]LogHMD: Failed to initialize OpenVR with code 108
[2021.12.08-08.40.54:803][  0]LogHMD: Optional extension XR_VARJO_quad_views is not available
[2021.12.08-08.40.54:804][  0]LogHMD: Warning: Required extension XR_EXT_eye_gaze_interaction is not available
[2021.12.08-08.40.54:804][  0]LogHMD: Could not enable all required OpenXR extensions for OpenXREyeTracker on current system. This plugin will be loaded but ignored, but will be enabled on a target platform that supports the required extension.
[2021.12.08-08.40.55:310][  0]LogHMD: Failed to get an OpenXR system, result is XR_ERROR_FORM_FACTOR_UNAVAILABLE. Please check that your runtime supports VR headsets.
[2021.12.08-08.40.55:311][  0]LogMagicLeap: Warning: VR disabled because ZI is not enabled.  To enable, in the editor, Edit -> Project Settings -> Plugins -> Magic Leap Plugin -> Enable Zero Iteration
[2021.12.08-08.40.55:315][  0]LogStats: UGameplayTagsManager::InitializeManager -  0.001 s
[2021.12.08-08.40.55:474][  0]LogInit: Initializing FReadOnlyCVARCache
[2021.12.08-08.40.55:482][  0]LogAIModule: Creating AISystem for world Untitled
[2021.12.08-08.40.55:485][  0]LogAudio: Display: Initializing Audio Device Manager...
[2021.12.08-08.40.55:489][  0]LogAudio: Display: Loading Default Audio Settings Objects...
[2021.12.08-08.40.55:489][  0]LogAudio: Display: No default SoundConcurrencyObject specified (or failed to load).
[2021.12.08-08.40.55:490][  0]LogAudio: Display: Audio Device Manager Initialized
[2021.12.08-08.40.55:490][  0]LogAudio: Display: Creating Audio Device:                 Id: 1, Scope: Shared, Realtime: True
[2021.12.08-08.40.55:490][  0]LogAudioMixer: Display: Audio Mixer Platform Settings:
[2021.12.08-08.40.55:490][  0]LogAudioMixer: Display: 	Sample Rate:						  48000
[2021.12.08-08.40.55:490][  0]LogAudioMixer: Display: 	Callback Buffer Frame Size Requested: 1024
[2021.12.08-08.40.55:490][  0]LogAudioMixer: Display: 	Callback Buffer Frame Size To Use:	  1024
[2021.12.08-08.40.55:490][  0]LogAudioMixer: Display: 	Number of buffers to queue:			  2
[2021.12.08-08.40.55:490][  0]LogAudioMixer: Display: 	Max Channels (voices):				  32
[2021.12.08-08.40.55:490][  0]LogAudioMixer: Display: 	Number of Async Source Workers:		  0
[2021.12.08-08.40.55:490][  0]LogAudio: Display: AudioDevice MaxSources: 32
[2021.12.08-08.40.55:490][  0]LogAudio: Display: Audio Spatialization Plugin: None (built-in).
[2021.12.08-08.40.55:490][  0]LogAudio: Display: Audio Reverb Plugin: None (built-in).
[2021.12.08-08.40.55:490][  0]LogAudio: Display: Audio Occlusion Plugin: None (built-in).
[2021.12.08-08.40.55:490][  0]LogAudioMixer: Display: Initializing audio mixer.
[2021.12.08-08.40.55:518][  0]LogAudioMixer: Display: 0: FrontLeft
[2021.12.08-08.40.55:518][  0]LogAudioMixer: Display: 1: FrontRight
[2021.12.08-08.40.55:543][  0]LogAudioMixer: Display: Using Audio Device LC34G55T (NVIDIA High Definition Audio)
[2021.12.08-08.40.55:546][  0]LogAudioMixer: Display: Initializing Sound Submixes...
[2021.12.08-08.40.55:549][  0]LogAudioMixer: Display: Creating Master Submix 'MasterSubmixDefault'
[2021.12.08-08.40.55:549][  0]LogAudioMixer: Display: Creating Master Submix 'MasterReverbSubmixDefault'
[2021.12.08-08.40.55:549][  0]LogAudioMixer: Display: Creating Master Submix 'MasterEQSubmixDefault'
[2021.12.08-08.40.55:549][  0]LogAudioMixer: FMixerPlatformXAudio2::StartAudioStream() called
[2021.12.08-08.40.55:549][  0]LogAudioMixer: Display: Output buffers initialized: Frames=1024, Channels=2, Samples=2048
[2021.12.08-08.40.55:550][  0]LogAudioMixer: Display: Starting AudioMixerPlatformInterface::RunInternal()
[2021.12.08-08.40.55:550][  0]LogAudioMixer: Display: FMixerPlatformXAudio2::SubmitBuffer() called for the first time
[2021.12.08-08.40.55:551][  0]LogInit: FAudioDevice initialized.
[2021.12.08-08.40.55:551][  0]LogAudio: Display: Audio Device (ID: 1) registered with world 'Untitled'.
[2021.12.08-08.40.55:551][  0]LogNetVersion: Set ProjectVersion to 1.0.0.0. Version Checksum will be recalculated on next use.
[2021.12.08-08.40.55:599][  0]LogDerivedDataCache: Saved boot cache 0.05s 98MB C:/Users/Devan/AppData/Local/UnrealEngine/4.27/DerivedDataCache/Boot.ddc.
[2021.12.08-08.40.55:599][  0]LogInit: Texture streaming: Enabled
[2021.12.08-08.40.55:614][  0]LogAnalytics: Display: [UEEditor.Rocket.Release] APIServer = https://datarouter.ol.epicgames.com/. AppVersion = 4.27.2-18319896+++UE4+Release-4.27
[2021.12.08-08.40.55:618][  0]LogEngineSessionManager: EngineSessionManager initialized
[2021.12.08-08.40.55:618][  0]LogEditorSessionSummary: Verbose: Initializing EditorSessionSummaryWriter for editor session tracking
[2021.12.08-08.40.55:620][  0]LogEditorSessionSummary: EditorSessionSummaryWriter initialized
[2021.12.08-08.40.55:649][  0]LogInit: Transaction tracking system initialized
[2021.12.08-08.40.55:676][  0]BlueprintLog: New page: Editor Load
[2021.12.08-08.40.55:744][  0]LocalizationService: Localization service is disabled
[2021.12.08-08.40.55:770][  0]TimingProfiler: Initialize
[2021.12.08-08.40.55:771][  0]TimingProfiler: OnSessionChanged
[2021.12.08-08.40.55:771][  0]LoadingProfiler: Initialize
[2021.12.08-08.40.55:771][  0]LoadingProfiler: OnSessionChanged
[2021.12.08-08.40.55:771][  0]NetworkingProfiler: Initialize
[2021.12.08-08.40.55:771][  0]NetworkingProfiler: OnSessionChanged
[2021.12.08-08.40.55:771][  0]MemoryProfiler: Initialize
[2021.12.08-08.40.55:771][  0]MemoryProfiler: OnSessionChanged
[2021.12.08-08.40.55:946][  0]LogCook: Display: CookSettings for Memory: MemoryMaxUsedVirtual 0MiB, MemoryMaxUsedPhysical 16384MiB, MemoryMinFreeVirtual 0MiB, MemoryMinFreePhysical 1024MiB
[2021.12.08-08.40.55:946][  0]LogCook: Display: Mobile HDR setting 1
[2021.12.08-08.40.56:169][  0]LogFileCache: Scanning file cache for directory 'C:/Users/Devan/Desktop/Unreal Engine/GAD174_Project3/Content/' took 0.01s
[2021.12.08-08.40.56:493][  0]LogInit: Display: Engine is initialized. Leaving FEngineLoop::Init()
[2021.12.08-08.40.56:496][  0]SourceControl: Source control is disabled
[2021.12.08-08.40.56:496][  0]LogUnrealEdMisc: Loading editor; pre map load, took 9.532
[2021.12.08-08.40.56:496][  0]Cmd: MAP LOAD FILE="C:/Users/Devan/Desktop/Unreal Engine/GAD174_Project3/Content/Level/Project3_Level.umap" TEMPLATE=0 SHOWPROGRESS=1 FEATURELEVEL=3
[2021.12.08-08.40.56:496][  0]LightingResults: New page: Lighting Build
[2021.12.08-08.40.56:498][  0]LogWorld: UWorld::CleanupWorld for Untitled, bSessionEnded=true, bCleanupResources=true
[2021.12.08-08.40.56:498][  0]LogSlate: InvalidateAllWidgets triggered.  All widgets were invalidated
[2021.12.08-08.40.56:498][  0]MapCheck: New page: Map Check
[2021.12.08-08.40.56:498][  0]LightingResults: New page: Lighting Build
[2021.12.08-08.40.56:502][  0]LogAudio: Display: Audio Device unregistered from world 'None'.
[2021.12.08-08.40.56:505][  0]LogUObjectHash: Compacting FUObjectHashTables data took   0.80ms
[2021.12.08-08.40.57:045][  0]LogAudio: Display: Audio Device (ID: 1) registered with world 'Project3_Level'.
[2021.12.08-08.40.57:046][  0]LogAIModule: Creating AISystem for world Project3_Level
[2021.12.08-08.40.57:105][  0]LogEditorServer: Finished looking for orphan Actors (0.000 secs)
[2021.12.08-08.40.57:119][  0]LogUObjectHash: Compacting FUObjectHashTables data took   1.03ms
[2021.12.08-08.40.57:121][  0]Cmd: MAP CHECKDEP NOCLEARLOG
[2021.12.08-08.40.57:122][  0]MapCheck: Map check complete: 0 Error(s), 0 Warning(s), took 0.146ms to complete.
[2021.12.08-08.40.57:122][  0]LogFileHelpers: Loading map 'Project3_Level' took 0.625
[2021.12.08-08.40.57:123][  0]LogUnrealEdMisc: Total Editor Startup Time, took 10.159
[2021.12.08-08.40.57:270][  0]LogSlate: Updating window title bar state: overlay mode, drag disabled, window buttons hidden, title bar hidden
[2021.12.08-08.40.57:276][  0]LogSlate: Updating window title bar state: overlay mode, drag disabled, window buttons hidden, title bar hidden
[2021.12.08-08.40.57:282][  0]LogSlate: Updating window title bar state: overlay mode, drag disabled, window buttons hidden, title bar hidden
[2021.12.08-08.40.57:289][  0]LogSlate: Updating window title bar state: overlay mode, drag disabled, window buttons hidden, title bar hidden
[2021.12.08-08.40.57:302][  0]LogNativeClassHierarchy: Verbose: Native class hierarchy populated in 0.0093 seconds. Added 3953 classes and 975 folders.
[2021.12.08-08.40.57:304][  0]LogNativeClassHierarchy: Verbose: Native class hierarchy updated for 'WidgetCarousel' in 0.0002 seconds. Added 0 classes and 0 folders.
[2021.12.08-08.40.57:306][  0]LogPakFile: PakFile PrimaryIndexSize=187
[2021.12.08-08.40.57:306][  0]LogPakFile: PakFile PathHashIndexSize=101
[2021.12.08-08.40.57:306][  0]LogPakFile: PakFile FullDirectoryIndexSize=148
[2021.12.08-08.40.57:306][  0]LogShaderLibrary: Display: ShaderCodeLibraryPakFileMountedCallback: PakFile 'D:/Epic Games/UE_4.27/FeaturePacks/FP_FirstPerson.upack' (chunk index -1, root 'root:/') mounted
[2021.12.08-08.40.57:306][  0]LogShaderLibrary: Display: ShaderCodeLibraryPakFileMountedCallback: pending pak file info (ChunkID:-1 Root:root:/ File:D:/Epic Games/UE_4.27/FeaturePacks/FP_FirstPerson.upack)
[2021.12.08-08.40.57:306][  0]LogPakFile: OnPakFileMounted2Time == 0.000054
[2021.12.08-08.40.57:307][  0]LogPakFile: PakFile PrimaryIndexSize=189
[2021.12.08-08.40.57:307][  0]LogPakFile: PakFile PathHashIndexSize=101
[2021.12.08-08.40.57:307][  0]LogPakFile: PakFile FullDirectoryIndexSize=152
[2021.12.08-08.40.57:307][  0]LogShaderLibrary: Display: ShaderCodeLibraryPakFileMountedCallback: PakFile 'D:/Epic Games/UE_4.27/FeaturePacks/FP_FirstPersonBP.upack' (chunk index -1, root 'root:/') mounted
[2021.12.08-08.40.57:307][  0]LogShaderLibrary: Display: ShaderCodeLibraryPakFileMountedCallback: pending pak file info (ChunkID:-1 Root:root:/ File:D:/Epic Games/UE_4.27/FeaturePacks/FP_FirstPersonBP.upack)
[2021.12.08-08.40.57:307][  0]LogPakFile: OnPakFileMounted2Time == 0.000038
[2021.12.08-08.40.57:307][  0]LogPakFile: PakFile PrimaryIndexSize=191
[2021.12.08-08.40.57:307][  0]LogPakFile: PakFile PathHashIndexSize=101
[2021.12.08-08.40.57:308][  0]LogPakFile: PakFile FullDirectoryIndexSize=160
[2021.12.08-08.40.57:308][  0]LogShaderLibrary: Display: ShaderCodeLibraryPakFileMountedCallback: PakFile 'D:/Epic Games/UE_4.27/FeaturePacks/MobileStarterContent.upack' (chunk index -1, root 'root:/') mounted
[2021.12.08-08.40.57:308][  0]LogShaderLibrary: Display: ShaderCodeLibraryPakFileMountedCallback: pending pak file info (ChunkID:-1 Root:root:/ File:D:/Epic Games/UE_4.27/FeaturePacks/MobileStarterContent.upack)
[2021.12.08-08.40.57:308][  0]LogPakFile: OnPakFileMounted2Time == 0.000033
[2021.12.08-08.40.57:308][  0]LogPakFile: PakFile PrimaryIndexSize=185
[2021.12.08-08.40.57:308][  0]LogPakFile: PakFile PathHashIndexSize=101
[2021.12.08-08.40.57:308][  0]LogPakFile: PakFile FullDirectoryIndexSize=148
[2021.12.08-08.40.57:308][  0]LogShaderLibrary: Display: ShaderCodeLibraryPakFileMountedCallback: PakFile 'D:/Epic Games/UE_4.27/FeaturePacks/StarterContent.upack' (chunk index -1, root 'root:/') mounted
[2021.12.08-08.40.57:308][  0]LogShaderLibrary: Display: ShaderCodeLibraryPakFileMountedCallback: pending pak file info (ChunkID:-1 Root:root:/ File:D:/Epic Games/UE_4.27/FeaturePacks/StarterContent.upack)
[2021.12.08-08.40.57:308][  0]LogPakFile: OnPakFileMounted2Time == 0.000035
[2021.12.08-08.40.57:309][  0]LogPakFile: PakFile PrimaryIndexSize=190
[2021.12.08-08.40.57:309][  0]LogPakFile: PakFile PathHashIndexSize=101
[2021.12.08-08.40.57:309][  0]LogPakFile: PakFile FullDirectoryIndexSize=154
[2021.12.08-08.40.57:309][  0]LogShaderLibrary: Display: ShaderCodeLibraryPakFileMountedCallback: PakFile 'D:/Epic Games/UE_4.27/FeaturePacks/TP_2DSideScroller.upack' (chunk index -1, root 'root:/') mounted
[2021.12.08-08.40.57:309][  0]LogShaderLibrary: Display: ShaderCodeLibraryPakFileMountedCallback: pending pak file info (ChunkID:-1 Root:root:/ File:D:/Epic Games/UE_4.27/FeaturePacks/TP_2DSideScroller.upack)
[2021.12.08-08.40.57:309][  0]LogPakFile: OnPakFileMounted2Time == 0.000033
[2021.12.08-08.40.57:309][  0]LogPakFile: PakFile PrimaryIndexSize=192
[2021.12.08-08.40.57:309][  0]LogPakFile: PakFile PathHashIndexSize=101
[2021.12.08-08.40.57:310][  0]LogPakFile: PakFile FullDirectoryIndexSize=158
[2021.12.08-08.40.57:310][  0]LogShaderLibrary: Display: ShaderCodeLibraryPakFileMountedCallback: PakFile 'D:/Epic Games/UE_4.27/FeaturePacks/TP_2DSideScrollerBP.upack' (chunk index -1, root 'root:/') mounted
[2021.12.08-08.40.57:310][  0]LogShaderLibrary: Display: ShaderCodeLibraryPakFileMountedCallback: pending pak file info (ChunkID:-1 Root:root:/ File:D:/Epic Games/UE_4.27/FeaturePacks/TP_2DSideScrollerBP.upack)
[2021.12.08-08.40.57:310][  0]LogPakFile: OnPakFileMounted2Time == 0.000033
[2021.12.08-08.40.57:310][  0]LogPakFile: PakFile PrimaryIndexSize=182
[2021.12.08-08.40.57:310][  0]LogPakFile: PakFile PathHashIndexSize=101
[2021.12.08-08.40.57:310][  0]LogPakFile: PakFile FullDirectoryIndexSize=138
[2021.12.08-08.40.57:310][  0]LogShaderLibrary: Display: ShaderCodeLibraryPakFileMountedCallback: PakFile 'D:/Epic Games/UE_4.27/FeaturePacks/TP_Flying.upack' (chunk index -1, root 'root:/') mounted
[2021.12.08-08.40.57:310][  0]LogShaderLibrary: Display: ShaderCodeLibraryPakFileMountedCallback: pending pak file info (ChunkID:-1 Root:root:/ File:D:/Epic Games/UE_4.27/FeaturePacks/TP_Flying.upack)
[2021.12.08-08.40.57:310][  0]LogPakFile: OnPakFileMounted2Time == 0.000034
[2021.12.08-08.40.57:311][  0]LogPakFile: PakFile PrimaryIndexSize=184
[2021.12.08-08.40.57:311][  0]LogPakFile: PakFile PathHashIndexSize=101
[2021.12.08-08.40.57:311][  0]LogPakFile: PakFile FullDirectoryIndexSize=142
[2021.12.08-08.40.57:311][  0]LogShaderLibrary: Display: ShaderCodeLibraryPakFileMountedCallback: PakFile 'D:/Epic Games/UE_4.27/FeaturePacks/TP_FlyingBP.upack' (chunk index -1, root 'root:/') mounted
[2021.12.08-08.40.57:311][  0]LogShaderLibrary: Display: ShaderCodeLibraryPakFileMountedCallback: pending pak file info (ChunkID:-1 Root:root:/ File:D:/Epic Games/UE_4.27/FeaturePacks/TP_FlyingBP.upack)
[2021.12.08-08.40.57:311][  0]LogPakFile: OnPakFileMounted2Time == 0.000033
[2021.12.08-08.40.57:311][  0]LogPakFile: PakFile PrimaryIndexSize=188
[2021.12.08-08.40.57:312][  0]LogPakFile: PakFile PathHashIndexSize=101
[2021.12.08-08.40.57:312][  0]LogPakFile: PakFile FullDirectoryIndexSize=150
[2021.12.08-08.40.57:312][  0]LogShaderLibrary: Display: ShaderCodeLibraryPakFileMountedCallback: PakFile 'D:/Epic Games/UE_4.27/FeaturePacks/TP_HandheldARBP.upack' (chunk index -1, root 'root:/') mounted
[2021.12.08-08.40.57:312][  0]LogShaderLibrary: Display: ShaderCodeLibraryPakFileMountedCallback: pending pak file info (ChunkID:-1 Root:root:/ File:D:/Epic Games/UE_4.27/FeaturePacks/TP_HandheldARBP.upack)
[2021.12.08-08.40.57:312][  0]LogPakFile: OnPakFileMounted2Time == 0.000033
[2021.12.08-08.40.57:312][  0]LogPakFile: PakFile PrimaryIndexSize=182
[2021.12.08-08.40.57:312][  0]LogPakFile: PakFile PathHashIndexSize=101
[2021.12.08-08.40.57:312][  0]LogPakFile: PakFile FullDirectoryIndexSize=138
[2021.12.08-08.40.57:312][  0]LogShaderLibrary: Display: ShaderCodeLibraryPakFileMountedCallback: PakFile 'D:/Epic Games/UE_4.27/FeaturePacks/TP_Puzzle.upack' (chunk index -1, root 'root:/') mounted
[2021.12.08-08.40.57:312][  0]LogShaderLibrary: Display: ShaderCodeLibraryPakFileMountedCallback: pending pak file info (ChunkID:-1 Root:root:/ File:D:/Epic Games/UE_4.27/FeaturePacks/TP_Puzzle.upack)
[2021.12.08-08.40.57:312][  0]LogPakFile: OnPakFileMounted2Time == 0.000033
[2021.12.08-08.40.57:313][  0]LogPakFile: PakFile PrimaryIndexSize=184
[2021.12.08-08.40.57:313][  0]LogPakFile: PakFile PathHashIndexSize=101
[2021.12.08-08.40.57:313][  0]LogPakFile: PakFile FullDirectoryIndexSize=142
[2021.12.08-08.40.57:313][  0]LogShaderLibrary: Display: ShaderCodeLibraryPakFileMountedCallback: PakFile 'D:/Epic Games/UE_4.27/FeaturePacks/TP_PuzzleBP.upack' (chunk index -1, root 'root:/') mounted
[2021.12.08-08.40.57:313][  0]LogShaderLibrary: Display: ShaderCodeLibraryPakFileMountedCallback: pending pak file info (ChunkID:-1 Root:root:/ File:D:/Epic Games/UE_4.27/FeaturePacks/TP_PuzzleBP.upack)
[2021.12.08-08.40.57:313][  0]LogPakFile: OnPakFileMounted2Time == 0.000033
[2021.12.08-08.40.57:314][  0]LogPakFile: PakFile PrimaryIndexSize=183
[2021.12.08-08.40.57:314][  0]LogPakFile: PakFile PathHashIndexSize=101
[2021.12.08-08.40.57:314][  0]LogPakFile: PakFile FullDirectoryIndexSize=140
[2021.12.08-08.40.57:314][  0]LogShaderLibrary: Display: ShaderCodeLibraryPakFileMountedCallback: PakFile 'D:/Epic Games/UE_4.27/FeaturePacks/TP_Rolling.upack' (chunk index -1, root 'root:/') mounted
[2021.12.08-08.40.57:314][  0]LogShaderLibrary: Display: ShaderCodeLibraryPakFileMountedCallback: pending pak file info (ChunkID:-1 Root:root:/ File:D:/Epic Games/UE_4.27/FeaturePacks/TP_Rolling.upack)
[2021.12.08-08.40.57:314][  0]LogPakFile: OnPakFileMounted2Time == 0.000037
[2021.12.08-08.40.57:314][  0]LogPakFile: PakFile PrimaryIndexSize=185
[2021.12.08-08.40.57:314][  0]LogPakFile: PakFile PathHashIndexSize=101
[2021.12.08-08.40.57:314][  0]LogPakFile: PakFile FullDirectoryIndexSize=144
[2021.12.08-08.40.57:314][  0]LogShaderLibrary: Display: ShaderCodeLibraryPakFileMountedCallback: PakFile 'D:/Epic Games/UE_4.27/FeaturePacks/TP_RollingBP.upack' (chunk index -1, root 'root:/') mounted
[2021.12.08-08.40.57:314][  0]LogShaderLibrary: Display: ShaderCodeLibraryPakFileMountedCallback: pending pak file info (ChunkID:-1 Root:root:/ File:D:/Epic Games/UE_4.27/FeaturePacks/TP_RollingBP.upack)
[2021.12.08-08.40.57:314][  0]LogPakFile: OnPakFileMounted2Time == 0.000033
[2021.12.08-08.40.57:315][  0]LogPakFile: PakFile PrimaryIndexSize=188
[2021.12.08-08.40.57:315][  0]LogPakFile: PakFile PathHashIndexSize=101
[2021.12.08-08.40.57:315][  0]LogPakFile: PakFile FullDirectoryIndexSize=150
[2021.12.08-08.40.57:315][  0]LogShaderLibrary: Display: ShaderCodeLibraryPakFileMountedCallback: PakFile 'D:/Epic Games/UE_4.27/FeaturePacks/TP_SideScroller.upack' (chunk index -1, root 'root:/') mounted
[2021.12.08-08.40.57:315][  0]LogShaderLibrary: Display: ShaderCodeLibraryPakFileMountedCallback: pending pak file info (ChunkID:-1 Root:root:/ File:D:/Epic Games/UE_4.27/FeaturePacks/TP_SideScroller.upack)
[2021.12.08-08.40.57:315][  0]LogPakFile: OnPakFileMounted2Time == 0.000039
[2021.12.08-08.40.57:316][  0]LogPakFile: PakFile PrimaryIndexSize=190
[2021.12.08-08.40.57:316][  0]LogPakFile: PakFile PathHashIndexSize=101
[2021.12.08-08.40.57:316][  0]LogPakFile: PakFile FullDirectoryIndexSize=154
[2021.12.08-08.40.57:316][  0]LogShaderLibrary: Display: ShaderCodeLibraryPakFileMountedCallback: PakFile 'D:/Epic Games/UE_4.27/FeaturePacks/TP_SideScrollerBP.upack' (chunk index -1, root 'root:/') mounted
[2021.12.08-08.40.57:316][  0]LogShaderLibrary: Display: ShaderCodeLibraryPakFileMountedCallback: pending pak file info (ChunkID:-1 Root:root:/ File:D:/Epic Games/UE_4.27/FeaturePacks/TP_SideScrollerBP.upack)
[2021.12.08-08.40.57:316][  0]LogPakFile: OnPakFileMounted2Time == 0.000035
[2021.12.08-08.40.57:317][  0]LogPakFile: PakFile PrimaryIndexSize=187
[2021.12.08-08.40.57:317][  0]LogPakFile: PakFile PathHashIndexSize=101
[2021.12.08-08.40.57:317][  0]LogPakFile: PakFile FullDirectoryIndexSize=148
[2021.12.08-08.40.57:317][  0]LogShaderLibrary: Display: ShaderCodeLibraryPakFileMountedCallback: PakFile 'D:/Epic Games/UE_4.27/FeaturePacks/TP_ThirdPerson.upack' (chunk index -1, root 'root:/') mounted
[2021.12.08-08.40.57:317][  0]LogShaderLibrary: Display: ShaderCodeLibraryPakFileMountedCallback: pending pak file info (ChunkID:-1 Root:root:/ File:D:/Epic Games/UE_4.27/FeaturePacks/TP_ThirdPerson.upack)
[2021.12.08-08.40.57:317][  0]LogPakFile: OnPakFileMounted2Time == 0.000034
[2021.12.08-08.40.57:317][  0]LogPakFile: PakFile PrimaryIndexSize=189
[2021.12.08-08.40.57:317][  0]LogPakFile: PakFile PathHashIndexSize=101
[2021.12.08-08.40.57:317][  0]LogPakFile: PakFile FullDirectoryIndexSize=152
[2021.12.08-08.40.57:317][  0]LogShaderLibrary: Display: ShaderCodeLibraryPakFileMountedCallback: PakFile 'D:/Epic Games/UE_4.27/FeaturePacks/TP_ThirdPersonBP.upack' (chunk index -1, root 'root:/') mounted
[2021.12.08-08.40.57:317][  0]LogShaderLibrary: Display: ShaderCodeLibraryPakFileMountedCallback: pending pak file info (ChunkID:-1 Root:root:/ File:D:/Epic Games/UE_4.27/FeaturePacks/TP_ThirdPersonBP.upack)
[2021.12.08-08.40.57:317][  0]LogPakFile: OnPakFileMounted2Time == 0.000033
[2021.12.08-08.40.57:318][  0]LogPakFile: PakFile PrimaryIndexSize=183
[2021.12.08-08.40.57:318][  0]LogPakFile: PakFile PathHashIndexSize=101
[2021.12.08-08.40.57:318][  0]LogPakFile: PakFile FullDirectoryIndexSize=140
[2021.12.08-08.40.57:318][  0]LogShaderLibrary: Display: ShaderCodeLibraryPakFileMountedCallback: PakFile 'D:/Epic Games/UE_4.27/FeaturePacks/TP_TopDown.upack' (chunk index -1, root 'root:/') mounted
[2021.12.08-08.40.57:318][  0]LogShaderLibrary: Display: ShaderCodeLibraryPakFileMountedCallback: pending pak file info (ChunkID:-1 Root:root:/ File:D:/Epic Games/UE_4.27/FeaturePacks/TP_TopDown.upack)
[2021.12.08-08.40.57:318][  0]LogPakFile: OnPakFileMounted2Time == 0.000040
[2021.12.08-08.40.57:319][  0]LogPakFile: PakFile PrimaryIndexSize=185
[2021.12.08-08.40.57:319][  0]LogPakFile: PakFile PathHashIndexSize=101
[2021.12.08-08.40.57:319][  0]LogPakFile: PakFile FullDirectoryIndexSize=144
[2021.12.08-08.40.57:319][  0]LogShaderLibrary: Display: ShaderCodeLibraryPakFileMountedCallback: PakFile 'D:/Epic Games/UE_4.27/FeaturePacks/TP_TopDownBP.upack' (chunk index -1, root 'root:/') mounted
[2021.12.08-08.40.57:319][  0]LogShaderLibrary: Display: ShaderCodeLibraryPakFileMountedCallback: pending pak file info (ChunkID:-1 Root:root:/ File:D:/Epic Games/UE_4.27/FeaturePacks/TP_TopDownBP.upack)
[2021.12.08-08.40.57:319][  0]LogPakFile: OnPakFileMounted2Time == 0.000034
[2021.12.08-08.40.57:320][  0]LogPakFile: PakFile PrimaryIndexSize=185
[2021.12.08-08.40.57:320][  0]LogPakFile: PakFile PathHashIndexSize=101
[2021.12.08-08.40.57:320][  0]LogPakFile: PakFile FullDirectoryIndexSize=144
[2021.12.08-08.40.57:320][  0]LogShaderLibrary: Display: ShaderCodeLibraryPakFileMountedCallback: PakFile 'D:/Epic Games/UE_4.27/FeaturePacks/TP_TwinStick.upack' (chunk index -1, root 'root:/') mounted
[2021.12.08-08.40.57:320][  0]LogShaderLibrary: Display: ShaderCodeLibraryPakFileMountedCallback: pending pak file info (ChunkID:-1 Root:root:/ File:D:/Epic Games/UE_4.27/FeaturePacks/TP_TwinStick.upack)
[2021.12.08-08.40.57:320][  0]LogPakFile: OnPakFileMounted2Time == 0.000034
[2021.12.08-08.40.57:320][  0]LogPakFile: PakFile PrimaryIndexSize=187
[2021.12.08-08.40.57:320][  0]LogPakFile: PakFile PathHashIndexSize=101
[2021.12.08-08.40.57:320][  0]LogPakFile: PakFile FullDirectoryIndexSize=148
[2021.12.08-08.40.57:320][  0]LogShaderLibrary: Display: ShaderCodeLibraryPakFileMountedCallback: PakFile 'D:/Epic Games/UE_4.27/FeaturePacks/TP_TwinStickBP.upack' (chunk index -1, root 'root:/') mounted
[2021.12.08-08.40.57:320][  0]LogShaderLibrary: Display: ShaderCodeLibraryPakFileMountedCallback: pending pak file info (ChunkID:-1 Root:root:/ File:D:/Epic Games/UE_4.27/FeaturePacks/TP_TwinStickBP.upack)
[2021.12.08-08.40.57:320][  0]LogPakFile: OnPakFileMounted2Time == 0.000034
[2021.12.08-08.40.57:321][  0]LogPakFile: PakFile PrimaryIndexSize=183
[2021.12.08-08.40.57:321][  0]LogPakFile: PakFile PathHashIndexSize=101
[2021.12.08-08.40.57:321][  0]LogPakFile: PakFile FullDirectoryIndexSize=140
[2021.12.08-08.40.57:321][  0]LogShaderLibrary: Display: ShaderCodeLibraryPakFileMountedCallback: PakFile 'D:/Epic Games/UE_4.27/FeaturePacks/TP_Vehicle.upack' (chunk index -1, root 'root:/') mounted
[2021.12.08-08.40.57:321][  0]LogShaderLibrary: Display: ShaderCodeLibraryPakFileMountedCallback: pending pak file info (ChunkID:-1 Root:root:/ File:D:/Epic Games/UE_4.27/FeaturePacks/TP_Vehicle.upack)
[2021.12.08-08.40.57:321][  0]LogPakFile: OnPakFileMounted2Time == 0.000034
[2021.12.08-08.40.57:322][  0]LogPakFile: PakFile PrimaryIndexSize=186
[2021.12.08-08.40.57:322][  0]LogPakFile: PakFile PathHashIndexSize=101
[2021.12.08-08.40.57:322][  0]LogPakFile: PakFile FullDirectoryIndexSize=146
[2021.12.08-08.40.57:322][  0]LogShaderLibrary: Display: ShaderCodeLibraryPakFileMountedCallback: PakFile 'D:/Epic Games/UE_4.27/FeaturePacks/TP_VehicleAdv.upack' (chunk index -1, root 'root:/') mounted
[2021.12.08-08.40.57:322][  0]LogShaderLibrary: Display: ShaderCodeLibraryPakFileMountedCallback: pending pak file info (ChunkID:-1 Root:root:/ File:D:/Epic Games/UE_4.27/FeaturePacks/TP_VehicleAdv.upack)
[2021.12.08-08.40.57:322][  0]LogPakFile: OnPakFileMounted2Time == 0.000035
[2021.12.08-08.40.57:323][  0]LogPakFile: PakFile PrimaryIndexSize=188
[2021.12.08-08.40.57:323][  0]LogPakFile: PakFile PathHashIndexSize=101
[2021.12.08-08.40.57:323][  0]LogPakFile: PakFile FullDirectoryIndexSize=150
[2021.12.08-08.40.57:323][  0]LogShaderLibrary: Display: ShaderCodeLibraryPakFileMountedCallback: PakFile 'D:/Epic Games/UE_4.27/FeaturePacks/TP_VehicleAdvBP.upack' (chunk index -1, root 'root:/') mounted
[2021.12.08-08.40.57:323][  0]LogShaderLibrary: Display: ShaderCodeLibraryPakFileMountedCallback: pending pak file info (ChunkID:-1 Root:root:/ File:D:/Epic Games/UE_4.27/FeaturePacks/TP_VehicleAdvBP.upack)
[2021.12.08-08.40.57:323][  0]LogPakFile: OnPakFileMounted2Time == 0.000034
[2021.12.08-08.40.57:323][  0]LogPakFile: PakFile PrimaryIndexSize=185
[2021.12.08-08.40.57:323][  0]LogPakFile: PakFile PathHashIndexSize=101
[2021.12.08-08.40.57:323][  0]LogPakFile: PakFile FullDirectoryIndexSize=144
[2021.12.08-08.40.57:323][  0]LogShaderLibrary: Display: ShaderCodeLibraryPakFileMountedCallback: PakFile 'D:/Epic Games/UE_4.27/FeaturePacks/TP_VehicleBP.upack' (chunk index -1, root 'root:/') mounted
[2021.12.08-08.40.57:323][  0]LogShaderLibrary: Display: ShaderCodeLibraryPakFileMountedCallback: pending pak file info (ChunkID:-1 Root:root:/ File:D:/Epic Games/UE_4.27/FeaturePacks/TP_VehicleBP.upack)
[2021.12.08-08.40.57:323][  0]LogPakFile: OnPakFileMounted2Time == 0.000033
[2021.12.08-08.40.57:324][  0]LogPakFile: PakFile PrimaryIndexSize=192
[2021.12.08-08.40.57:324][  0]LogPakFile: PakFile PathHashIndexSize=101
[2021.12.08-08.40.57:324][  0]LogPakFile: PakFile FullDirectoryIndexSize=158
[2021.12.08-08.40.57:324][  0]LogShaderLibrary: Display: ShaderCodeLibraryPakFileMountedCallback: PakFile 'D:/Epic Games/UE_4.27/FeaturePacks/TP_VirtualRealityBP.upack' (chunk index -1, root 'root:/') mounted
[2021.12.08-08.40.57:324][  0]LogShaderLibrary: Display: ShaderCodeLibraryPakFileMountedCallback: pending pak file info (ChunkID:-1 Root:root:/ File:D:/Epic Games/UE_4.27/FeaturePacks/TP_VirtualRealityBP.upack)
[2021.12.08-08.40.57:324][  0]LogPakFile: OnPakFileMounted2Time == 0.000033
[2021.12.08-08.40.57:402][  0]LogNativeClassHierarchy: Verbose: Native class hierarchy updated for 'AddContentDialog' in 0.0002 seconds. Added 0 classes and 0 folders.
[2021.12.08-08.40.57:403][  0]LogNativeClassHierarchy: Verbose: Native class hierarchy updated for 'SceneOutliner' in 0.0002 seconds. Added 2 classes and 0 folders.
[2021.12.08-08.40.57:470][  0]LogSlate: Took 0.000252 seconds to synchronously load lazily loaded font '../../../Engine/Content/Slate/Fonts/Roboto-Regular.ttf' (155K)
[2021.12.08-08.40.57:471][  0]LogSlate: Took 0.000231 seconds to synchronously load lazily loaded font '../../../Engine/Content/Editor/Slate/Fonts/FontAwesome.ttf' (139K)
[2021.12.08-08.40.57:472][  0]LogSlate: Took 0.000232 seconds to synchronously load lazily loaded font '../../../Engine/Content/Slate/Fonts/Roboto-Bold.ttf' (160K)
[2021.12.08-08.40.57:562][  0]LogRenderer: Reallocating scene render targets to support 2172x804 Format 10 NumSamples 1 (Frame:1).
[2021.12.08-08.40.57:852][  0]LogNativeClassHierarchy: Verbose: Native class hierarchy updated for 'HierarchicalLODOutliner' in 0.0003 seconds. Added 0 classes and 0 folders.
[2021.12.08-08.40.57:852][  0]LogInput: Warning: Action Jump uses invalid key OculusGo_Left_Trigger_Click.
[2021.12.08-08.40.57:852][  0]LogInput: Warning: Action ResetVR uses invalid key OculusGo_Left_Trackpad_Click.
[2021.12.08-08.40.57:852][  0]LogInput: Warning: Use -RemoveInvalidKeys to remove instances of these keys from the action mapping.
[2021.12.08-08.40.57:852][  0]LogLoad: (Engine Initialization) Total time: 10.89 seconds
[2021.12.08-08.40.57:852][  0]LogLoad: (Engine Initialization) Total Blueprint compile time: 0.00 seconds
[2021.12.08-08.40.57:903][  0]LogAssetRegistry: Asset discovery search completed in 6.1627 seconds
[2021.12.08-08.40.57:909][  0]LogCollectionManager: Fixed up redirectors for 0 collections in 0.000004 seconds (updated 0 objects)
[2021.12.08-08.40.57:915][  0]LogContentStreaming: Texture pool size now 1000 MB
[2021.12.08-08.41.02:937][509]LogFileCache: Retrieving MD5 hashes for directory 'C:/Users/Devan/Desktop/Unreal Engine/GAD174_Project3/Content/' took 5.07s
